<?xml version="1.0" encoding="UTF-8"?>
<!-- Generated by org.testng.reporters.JUnitReportReporter -->
<testsuite hostname="LAPTOP-9060GQE8" failures="0" tests="3" name="com.PG.Tests.PopulationStudiesDepartment" time="310.328" errors="0" timestamp="2021-06-25T15:49:59 IST" skipped="0">
  <testcase classname="com.PG.Tests.PopulationStudiesDepartment" name="LoggingIn" time="11.667"/>
  <system-out/>
  <testcase classname="com.PG.Tests.PopulationStudiesDepartment" name="PopulationStudiesWithAtleast45percentage" time="176.349"/>
  <system-out/>
  <testcase classname="com.PG.Tests.PopulationStudiesDepartment" name="PopulationStudiesWithLessThan45percentage" time="122.312"/>
  <system-out/>
</testsuite> <!-- com.PG.Tests.PopulationStudiesDepartment -->
