<?xml version="1.0" encoding="UTF-8"?>
<!-- Generated by org.testng.reporters.JUnitReportReporter -->
<testsuite hostname="LAPTOP-9060GQE8" failures="0" tests="3" name="com.PG.Tests.MSWMasterofSocialWork" time="405.015" errors="0" timestamp="2021-07-24T16:35:50 IST" skipped="0">
  <testcase classname="com.PG.Tests.MSWMasterofSocialWork" name="LoggingIn" time="10.437"/>
  <system-out/>
  <testcase classname="com.PG.Tests.MSWMasterofSocialWork" name="MSWWithAtleast45Percentage" time="216.366"/>
  <system-out/>
  <testcase classname="com.PG.Tests.MSWMasterofSocialWork" name="MSWWithLessThan45Percentage" time="178.212"/>
  <system-out/>
</testsuite> <!-- com.PG.Tests.MSWMasterofSocialWork -->
