<?xml version="1.0" encoding="UTF-8"?>
<!-- Generated by org.testng.reporters.JUnitReportReporter -->
<testsuite hostname="LAPTOP-9060GQE8" failures="0" tests="3" name="com.PG.Tests.LLMHumanRights" time="77.596" errors="0" timestamp="2021-07-24T16:35:50 IST" skipped="0">
  <testcase classname="com.PG.Tests.LLMHumanRights" name="LoggingIn" time="10.913"/>
  <system-out/>
  <testcase classname="com.PG.Tests.LLMHumanRights" name="LLMHumanRightsWithAtleast50Percentage" time="53.391"/>
  <system-out/>
  <testcase classname="com.PG.Tests.LLMHumanRights" name="LLMHumanRightsWithLessThan50Percentage" time="13.292"/>
  <system-out/>
</testsuite> <!-- com.PG.Tests.LLMHumanRights -->
