<?xml version="1.0" encoding="UTF-8"?>
<!-- Generated by org.testng.reporters.JUnitReportReporter -->
<testsuite hostname="LAPTOP-9060GQE8" failures="0" tests="4" name="com.PG.Tests.MinimumPassPercentage" time="92.281" errors="0" timestamp="2021-07-24T16:35:50 IST" skipped="0">
  <testcase classname="com.PG.Tests.MinimumPassPercentage" name="LoggingIn" time="10.022"/>
  <system-out/>
  <testcase classname="com.PG.Tests.MinimumPassPercentage" name="MinimumPercentageOfTenth" time="46.479"/>
  <system-out/>
  <testcase classname="com.PG.Tests.MinimumPassPercentage" name="MinimumPercentageTwelth" time="17.919"/>
  <system-out/>
  <testcase classname="com.PG.Tests.MinimumPassPercentage" name="MinimumPercentageGraduation" time="17.861"/>
  <system-out/>
</testsuite> <!-- com.PG.Tests.MinimumPassPercentage -->
