<?xml version="1.0" encoding="UTF-8"?>
<!-- Generated by org.testng.reporters.JUnitReportReporter -->
<testsuite hostname="LAPTOP-9060GQE8" failures="0" tests="3" name="com.PG.Tests.EarthScience" time="72.975" errors="0" timestamp="2021-07-24T16:35:50 IST" skipped="0">
  <testcase classname="com.PG.Tests.EarthScience" name="LoggingIn" time="10.321"/>
  <system-out/>
  <testcase classname="com.PG.Tests.EarthScience" name="EarthScienceWithAtleast45percentage" time="49.642"/>
  <system-out/>
  <testcase classname="com.PG.Tests.EarthScience" name="EarthScienceWithLessThan45percentage" time="13.012"/>
  <system-out/>
</testsuite> <!-- com.PG.Tests.EarthScience -->
