<?xml version="1.0" encoding="UTF-8"?>
<!-- Generated by org.testng.reporters.JUnitReportReporter -->
<testsuite hostname="LAPTOP-9060GQE8" failures="0" tests="3" name="com.PG.Tests.BioTechnology" time="257.234" errors="0" timestamp="2021-07-24T16:35:50 IST" skipped="0">
  <testcase classname="com.PG.Tests.BioTechnology" name="LoggingIn" time="10.613"/>
  <system-out/>
  <testcase classname="com.PG.Tests.BioTechnology" name="BiotechnologyWithAtleast50Percentage" time="151.476"/>
  <system-out/>
  <testcase classname="com.PG.Tests.BioTechnology" name="BiotechnologyWithLessThan50Percentage" time="95.145"/>
  <system-out/>
</testsuite> <!-- com.PG.Tests.BioTechnology -->
