<?xml version="1.0" encoding="UTF-8"?>
<!-- Generated by org.testng.reporters.JUnitReportReporter -->
<testsuite skipped="0" hostname="LAPTOP-O7SD66MO" name="com.PG.Tests.OdiaDepartment" tests="3" failures="0" timestamp="2020-11-13T13:05:30 IST" time="68.443" errors="0">
  <testcase name="OdiaWithAtleast45percentage" time="49.141" classname="com.PG.Tests.OdiaDepartment"/>
  <system-out/>
  <testcase name="LoggingIn" time="9.481" classname="com.PG.Tests.OdiaDepartment"/>
  <system-out/>
  <testcase name="OdiaWithLessThan45percentage" time="9.821" classname="com.PG.Tests.OdiaDepartment"/>
  <system-out/>
</testsuite> <!-- com.PG.Tests.OdiaDepartment -->
