<?xml version="1.0" encoding="UTF-8"?>
<!-- Generated by org.testng.reporters.JUnitReportReporter -->
<testsuite hostname="LAPTOP-9060GQE8" failures="0" tests="4" name="com.PG.Tests.MobileNoComparison" time="52.027" errors="0" timestamp="2021-07-24T16:35:50 IST" skipped="0">
  <testcase classname="com.PG.Tests.MobileNoComparison" name="LoggingIn" time="10.625"/>
  <system-out/>
  <testcase classname="com.PG.Tests.MobileNoComparison" name="DifferentRegisteredMobileNoAlternateMobileNo" time="12.870"/>
  <system-out/>
  <testcase classname="com.PG.Tests.MobileNoComparison" name="IdenticalRegisteredMobileNoAlternateMobileNo" time="14.264"/>
  <system-out/>
  <testcase classname="com.PG.Tests.MobileNoComparison" name="AcceptanceofDuplicateAlternateMobileNo" time="14.268"/>
  <system-out/>
</testsuite> <!-- com.PG.Tests.MobileNoComparison -->
