<?xml version="1.0" encoding="UTF-8"?>
<!-- Generated by org.testng.reporters.JUnitReportReporter -->
<testsuite hostname="LAPTOP-9060GQE8" failures="0" tests="3" name="com.PG.Tests.AnalyticalAndAppliedEconomics" time="80.837" errors="0" timestamp="2021-07-24T16:35:50 IST" skipped="0">
  <testcase classname="com.PG.Tests.AnalyticalAndAppliedEconomics" name="LoggingIn" time="10.611"/>
  <system-out/>
  <testcase classname="com.PG.Tests.AnalyticalAndAppliedEconomics" name="AnalyticalAndAppliedEconomicsWithAtleast45Percentage" time="54.800"/>
  <system-out/>
  <testcase classname="com.PG.Tests.AnalyticalAndAppliedEconomics" name="AnalyticalAndAppliedEconomicsWithLessThan45Percentage" time="15.426"/>
  <system-out/>
</testsuite> <!-- com.PG.Tests.AnalyticalAndAppliedEconomics -->
