<?xml version="1.0" encoding="UTF-8"?>
<!-- Generated by org.testng.reporters.JUnitReportReporter -->
<testsuite skipped="0" hostname="LAPTOP-O7SD66MO" name="com.PG.Tests.IndustrialMicroBiologyDepartment" tests="3" failures="0" timestamp="2020-11-13T13:05:30 IST" time="108.157" errors="0">
  <testcase name="LoggingIn" time="10.245" classname="com.PG.Tests.IndustrialMicroBiologyDepartment"/>
  <system-out/>
  <testcase name="IndustrialMicroBiologyDepartmentWithAtleast45percentage" time="70.136" classname="com.PG.Tests.IndustrialMicroBiologyDepartment"/>
  <system-out/>
  <testcase name="IndustrialMicroBiologyDepartmentWithLessThan45percentage" time="27.776" classname="com.PG.Tests.IndustrialMicroBiologyDepartment"/>
  <system-out/>
</testsuite> <!-- com.PG.Tests.IndustrialMicroBiologyDepartment -->
