<?xml version="1.0" encoding="UTF-8"?>
<!-- Generated by org.testng.reporters.JUnitReportReporter -->
<testsuite hostname="LAPTOP-9060GQE8" failures="0" tests="3" name="com.PG.Tests.Chemistry" time="66.580" errors="0" timestamp="2021-07-24T16:35:50 IST" skipped="0">
  <testcase classname="com.PG.Tests.Chemistry" name="LoggingIn" time="10.255"/>
  <system-out/>
  <testcase classname="com.PG.Tests.Chemistry" name="ChemistryWithAtleast45percentage" time="46.329"/>
  <system-out/>
  <testcase classname="com.PG.Tests.Chemistry" name="ChemistryWithLessThan45percentage" time="9.996"/>
  <system-out/>
</testsuite> <!-- com.PG.Tests.Chemistry -->
