<?xml version="1.0" encoding="UTF-8"?>
<!-- Generated by org.testng.reporters.JUnitReportReporter -->
<testsuite hostname="LAPTOP-9060GQE8" failures="0" tests="3" name="com.PG.Tests.WildLifeAndBioDiversityConversation" time="97.880" errors="0" timestamp="2021-07-24T16:35:50 IST" skipped="0">
  <testcase classname="com.PG.Tests.WildLifeAndBioDiversityConversation" name="LoggingIn" time="10.475"/>
  <system-out/>
  <testcase classname="com.PG.Tests.WildLifeAndBioDiversityConversation" name="WildFireAndBioDiversityWithAtleast45percentage" time="65.349"/>
  <system-out/>
  <testcase classname="com.PG.Tests.WildLifeAndBioDiversityConversation" name="WildFireAndBioDiversityWithLessThan45percentage" time="22.056"/>
  <system-out/>
</testsuite> <!-- com.PG.Tests.WildLifeAndBioDiversityConversation -->
