<?xml version="1.0" encoding="UTF-8"?>
<!-- Generated by org.testng.reporters.JUnitReportReporter -->
<testsuite hostname="LAPTOP-9060GQE8" failures="0" tests="3" name="com.PG.Tests.ApplyingCAFWithDiffernetExamType" time="37.898" errors="0" timestamp="2021-07-24T16:35:50 IST" skipped="0">
  <testcase classname="com.PG.Tests.ApplyingCAFWithDiffernetExamType" name="LoggingIn" time="10.616"/>
  <system-out/>
  <testcase classname="com.PG.Tests.ApplyingCAFWithDiffernetExamType" name="SubmittingCAFwithAnnualExam" time="15.714"/>
  <system-out/>
  <testcase classname="com.PG.Tests.ApplyingCAFWithDiffernetExamType" name="SubmittingCAFwithSupplementaryExam" time="11.568"/>
  <system-out/>
</testsuite> <!-- com.PG.Tests.ApplyingCAFWithDiffernetExamType -->
