<?xml version="1.0" encoding="UTF-8"?>
<!-- Generated by org.testng.reporters.JUnitReportReporter -->
<testsuite skipped="0" hostname="LAPTOP-O7SD66MO" name="com.PG.Tests.CommerceDepartment" tests="3" failures="0" timestamp="2020-11-13T13:05:30 IST" time="72.745" errors="0">
  <testcase name="LoggingIn" time="8.736" classname="com.PG.Tests.CommerceDepartment"/>
  <system-out/>
  <testcase name="CommerceWithAtleast45percentage" time="53.134" classname="com.PG.Tests.CommerceDepartment"/>
  <system-out/>
  <testcase name="CommerceWithLessThan45percentage" time="10.875" classname="com.PG.Tests.CommerceDepartment"/>
  <system-out/>
</testsuite> <!-- com.PG.Tests.CommerceDepartment -->
