<?xml version="1.0" encoding="UTF-8"?>
<!-- Generated by org.testng.reporters.JUnitReportReporter -->
<testsuite hostname="LAPTOP-9060GQE8" failures="0" tests="2" name="com.PG.Tests.AddressValidations" time="30.973" errors="0" timestamp="2021-07-24T16:35:50 IST" skipped="0">
  <testcase classname="com.PG.Tests.AddressValidations" name="Login" time="10.475"/>
  <system-out/>
  <testcase classname="com.PG.Tests.AddressValidations" name="AcceptanceofSameAddressForDiffApplicants" time="20.498"/>
  <system-out/>
</testsuite> <!-- com.PG.Tests.AddressValidations -->
