<?xml version="1.0" encoding="UTF-8"?>
<!-- Generated by org.testng.reporters.JUnitReportReporter -->
<testsuite skipped="0" hostname="LAPTOP-O7SD66MO" name="com.PG.Tests.MFCDepartment" tests="3" failures="0" timestamp="2020-11-13T13:05:30 IST" time="74.939" errors="0">
  <testcase name="LoggingIn" time="11.586" classname="com.PG.Tests.MFCDepartment"/>
  <system-out/>
  <testcase name="MFCWithAtleast45Percentage" time="54.852" classname="com.PG.Tests.MFCDepartment"/>
  <system-out/>
  <testcase name="MFCWithLessThan45Percentage" time="8.501" classname="com.PG.Tests.MFCDepartment"/>
  <system-out/>
</testsuite> <!-- com.PG.Tests.MFCDepartment -->
