<?xml version="1.0" encoding="UTF-8"?>
<!-- Generated by org.testng.reporters.JUnitReportReporter -->
<testsuite skipped="0" hostname="LAPTOP-O7SD66MO" name="com.PG.Tests.PMIRDepartment" tests="3" failures="0" timestamp="2020-11-13T13:05:30 IST" time="70.397" errors="0">
  <testcase name="LoggingIn" time="9.933" classname="com.PG.Tests.PMIRDepartment"/>
  <system-out/>
  <testcase name="PMIRWithAtleast45percentage" time="50.499" classname="com.PG.Tests.PMIRDepartment"/>
  <system-out/>
  <testcase name="PMIRWithLessThan45percentage" time="9.965" classname="com.PG.Tests.PMIRDepartment"/>
  <system-out/>
</testsuite> <!-- com.PG.Tests.PMIRDepartment -->
