<?xml version="1.0" encoding="UTF-8"?>
<!-- Generated by org.testng.reporters.JUnitReportReporter -->
<testsuite skipped="0" hostname="LAPTOP-O7SD66MO" name="com.PG.Tests.AppliedGeologyDepartment" tests="3" failures="0" timestamp="2020-11-13T13:05:30 IST" time="87.252" errors="0">
  <testcase name="LoggingIn" time="13.944" classname="com.PG.Tests.AppliedGeologyDepartment"/>
  <system-out/>
  <testcase name="AppliedGeologyWithAtleast45percentage" time="58.973" classname="com.PG.Tests.AppliedGeologyDepartment"/>
  <system-out/>
  <testcase name="AppliedGeologyWithLessThan45percentage" time="14.335" classname="com.PG.Tests.AppliedGeologyDepartment"/>
  <system-out/>
</testsuite> <!-- com.PG.Tests.AppliedGeologyDepartment -->
