<?xml version="1.0" encoding="UTF-8"?>
<!-- Generated by org.testng.reporters.JUnitReportReporter -->
<testsuite skipped="0" hostname="LAPTOP-O7SD66MO" name="com.PG.Tests.MassMediaDepartment" tests="3" failures="0" timestamp="2020-11-13T13:05:30 IST" time="150.397" errors="0">
  <testcase name="LoggingIn" time="12.863" classname="com.PG.Tests.MassMediaDepartment"/>
  <system-out/>
  <testcase name="MassMediaWithAtleast45percentage" time="93.482" classname="com.PG.Tests.MassMediaDepartment"/>
  <system-out/>
  <testcase name="MassMediaWithLessThan45percentage" time="44.052" classname="com.PG.Tests.MassMediaDepartment"/>
  <system-out/>
</testsuite> <!-- com.PG.Tests.MassMediaDepartment -->
