<?xml version="1.0" encoding="UTF-8"?>
<!-- Generated by org.testng.reporters.JUnitReportReporter -->
<testsuite hostname="CSMBHUD215" failures="0" tests="2" name="com.PG.Tests.PopulationOfCollegeForBotany" time="195.895" errors="0" timestamp="2021-11-24T12:03:50 IST" skipped="0">
  <testcase classname="com.PG.Tests.PopulationOfCollegeForBotany" name="LoggingIn" time="11.657"/>
  <system-out/>
  <testcase classname="com.PG.Tests.PopulationOfCollegeForBotany" name="populationOfCollegeForEducationSubject" time="184.238"/>
  <system-out/>
</testsuite> <!-- com.PG.Tests.PopulationOfCollegeForBotany -->
