<?xml version="1.0" encoding="UTF-8"?>
<!-- Generated by org.testng.reporters.JUnitReportReporter -->
<testsuite skipped="0" hostname="LAPTOP-O7SD66MO" name="com.PG.Tests.PGTest" tests="1" failures="0" timestamp="2020-09-03T11:23:06 IST" time="25.026" errors="0">
  <testcase name="Test" time="25.026" classname="com.PG.Tests.PGTest"/>
  <system-out/>
</testsuite> <!-- com.PG.Tests.PGTest -->
