<?xml version="1.0" encoding="UTF-8"?>
<!-- Generated by org.testng.reporters.JUnitReportReporter -->
<testsuite hostname="LAPTOP-9060GQE8" failures="0" tests="3" name="com.PG.Tests.AIHCADepartment" time="104.100" errors="0" timestamp="2021-07-24T16:35:50 IST" skipped="0">
  <testcase classname="com.PG.Tests.AIHCADepartment" name="LoggingIn" time="11.367"/>
  <system-out/>
  <testcase classname="com.PG.Tests.AIHCADepartment" name="AIHCAWithAtleast45percentage" time="64.831"/>
  <system-out/>
  <testcase classname="com.PG.Tests.AIHCADepartment" name="AIHCAWithLessThan45percentage" time="27.902"/>
  <system-out/>
</testsuite> <!-- com.PG.Tests.AIHCADepartment -->
