<?xml version="1.0" encoding="UTF-8"?>
<!-- Generated by org.testng.reporters.JUnitReportReporter -->
<testsuite hostname="LAPTOP-9060GQE8" failures="0" tests="7" name="com.PG.Tests.AggregatePercentageof10th12th" time="122.189" errors="0" timestamp="2021-07-24T16:35:50 IST" skipped="0">
  <testcase classname="com.PG.Tests.AggregatePercentageof10th12th" name="LoggingIn" time="10.224"/>
  <system-out/>
  <testcase classname="com.PG.Tests.AggregatePercentageof10th12th" name="LessThan33Percentage" time="32.275"/>
  <system-out/>
  <testcase classname="com.PG.Tests.AggregatePercentageof10th12th" name="Equalto33Percentage" time="18.884"/>
  <system-out/>
  <testcase classname="com.PG.Tests.AggregatePercentageof10th12th" name="Morethan33Percentage" time="18.902"/>
  <system-out/>
  <testcase classname="com.PG.Tests.AggregatePercentageof10th12th" name="Morethan33PercentageofTwelth" time="18.367"/>
  <system-out/>
  <testcase classname="com.PG.Tests.AggregatePercentageof10th12th" name="Equalto33PercentageofTwelth" time="15.094"/>
  <system-out/>
  <testcase classname="com.PG.Tests.AggregatePercentageof10th12th" name="LessThan33PercentageofTwelth" time="8.443"/>
  <system-out/>
</testsuite> <!-- com.PG.Tests.AggregatePercentageof10th12th -->
