<?xml version="1.0" encoding="UTF-8"?>
<!-- Generated by org.testng.reporters.JUnitReportReporter -->
<testsuite hostname="LAPTOP-9060GQE8" failures="0" tests="6" name="com.PG.Tests.MarksComparison" time="94.220" errors="0" timestamp="2021-07-24T16:35:50 IST" skipped="0">
  <testcase classname="com.PG.Tests.MarksComparison" name="LoggingIn" time="10.245"/>
  <system-out/>
  <testcase classname="com.PG.Tests.MarksComparison" name="MaximumMarkcannotbelessthanMarkObtained" time="30.939"/>
  <system-out/>
  <testcase classname="com.PG.Tests.MarksComparison" name="ObtainedMarkIslessthanMaxMark" time="17.149"/>
  <system-out/>
  <testcase classname="com.PG.Tests.MarksComparison" name="ObtainedMarkIsEqualtoMaxMark" time="22.043"/>
  <system-out/>
  <testcase classname="com.PG.Tests.MarksComparison" name="TwelthMaximumMarkcannotbelessthanMarkObtained" time="6.413"/>
  <system-out/>
  <testcase classname="com.PG.Tests.MarksComparison" name="GraduateMaximumMarkcannotbelessthanMarkObtained" time="7.431"/>
  <system-out/>
</testsuite> <!-- com.PG.Tests.MarksComparison -->
