<?xml version="1.0" encoding="UTF-8"?>
<!-- Generated by org.testng.reporters.JUnitReportReporter -->
<testsuite skipped="0" hostname="LAPTOP-O7SD66MO" name="com.PG.Tests.AppliedMicrobiologyDepartment" tests="3" failures="0" timestamp="2020-11-13T13:05:30 IST" time="130.065" errors="0">
  <testcase name="LoggingIn" time="15.160" classname="com.PG.Tests.AppliedMicrobiologyDepartment"/>
  <system-out/>
  <testcase name="AppliedMicrobiologyWithAtleast45percentage" time="84.480" classname="com.PG.Tests.AppliedMicrobiologyDepartment"/>
  <system-out/>
  <testcase name="AppliedMicrobiologyWithLessThan45percentage" time="30.425" classname="com.PG.Tests.AppliedMicrobiologyDepartment"/>
  <system-out/>
</testsuite> <!-- com.PG.Tests.AppliedMicrobiologyDepartment -->
