<?xml version="1.0" encoding="UTF-8"?>
<!-- Generated by org.testng.reporters.JUnitReportReporter -->
<testsuite hostname="LAPTOP-9060GQE8" failures="0" tests="3" name="com.PG.Tests.Economics" time="68.079" errors="0" timestamp="2021-07-24T16:35:50 IST" skipped="0">
  <testcase classname="com.PG.Tests.Economics" name="LoggingIn" time="10.669"/>
  <system-out/>
  <testcase classname="com.PG.Tests.Economics" name="EconomicsWithAtleast45Percentage" time="46.543"/>
  <system-out/>
  <testcase classname="com.PG.Tests.Economics" name="EconomicsWithLessThan45Percentage" time="10.867"/>
  <system-out/>
</testsuite> <!-- com.PG.Tests.Economics -->
