<?xml version="1.0" encoding="UTF-8"?>
<!-- Generated by org.testng.reporters.JUnitReportReporter -->
<testsuite hostname="CSMBHUD215" failures="0" tests="2" name="com.PG.Tests.PopulationOfCollegeForLifeScience" time="92.333" errors="0" timestamp="2021-11-24T12:22:59 IST" skipped="0">
  <testcase classname="com.PG.Tests.PopulationOfCollegeForLifeScience" name="LoggingIn" time="11.857"/>
  <system-out/>
  <testcase classname="com.PG.Tests.PopulationOfCollegeForLifeScience" name="populationOfCollegeForEducationSubject" time="80.476"/>
  <system-out/>
</testsuite> <!-- com.PG.Tests.PopulationOfCollegeForLifeScience -->
