<?xml version="1.0" encoding="UTF-8"?>
<!-- Generated by org.testng.reporters.JUnitReportReporter -->
<testsuite hostname="LAPTOP-9060GQE8" failures="0" tests="3" name="com.PG.Tests.PsychologyDepartment" time="397.025" errors="0" timestamp="2021-06-25T15:34:14 IST" skipped="0">
  <testcase classname="com.PG.Tests.PsychologyDepartment" name="LoggingIn" time="42.113"/>
  <system-out/>
  <testcase classname="com.PG.Tests.PsychologyDepartment" name="PsychologyWithAtleast45percentage" time="232.354"/>
  <system-out/>
  <testcase classname="com.PG.Tests.PsychologyDepartment" name="PsychologyWithNotLessThan45percentage" time="122.558"/>
  <system-out/>
</testsuite> <!-- com.PG.Tests.PsychologyDepartment -->
