<?xml version="1.0" encoding="UTF-8"?>
<!-- Generated by org.testng.reporters.JUnitReportReporter -->
<testsuite hostname="LAPTOP-9060GQE8" failures="0" tests="3" name="com.PG.Tests.Santali" time="67.689" errors="0" timestamp="2021-07-24T16:35:50 IST" skipped="0">
  <testcase classname="com.PG.Tests.Santali" name="LoggingIn" time="10.573"/>
  <system-out/>
  <testcase classname="com.PG.Tests.Santali" name="SantaliWithAtleast45percentage" time="47.241"/>
  <system-out/>
  <testcase classname="com.PG.Tests.Santali" name="SantaliWithLessThan45percentage" time="9.875"/>
  <system-out/>
</testsuite> <!-- com.PG.Tests.Santali -->
