<?xml version="1.0" encoding="UTF-8"?>
<!-- Generated by org.testng.reporters.JUnitReportReporter -->
<testsuite hostname="LAPTOP-9060GQE8" failures="0" tests="3" name="com.PG.Tests.EnvironmentalEconomics" time="422.871" errors="0" timestamp="2021-07-24T16:35:50 IST" skipped="0">
  <testcase classname="com.PG.Tests.EnvironmentalEconomics" name="LoggingIn" time="10.179"/>
  <system-out/>
  <testcase classname="com.PG.Tests.EnvironmentalEconomics" name="EnvironMentalEconomicsWithAtleast45Percentage" time="226.681"/>
  <system-out/>
  <testcase classname="com.PG.Tests.EnvironmentalEconomics" name="EnvironMentalEconomicsWithLessThan45Percentage" time="186.011"/>
  <system-out/>
</testsuite> <!-- com.PG.Tests.EnvironmentalEconomics -->
