<?xml version="1.0" encoding="UTF-8"?>
<!-- Generated by org.testng.reporters.JUnitReportReporter -->
<testsuite skipped="0" hostname="LAPTOP-O7SD66MO" name="com.PG.Tests.YogaAndNaturalPathy" tests="3" failures="0" timestamp="2020-11-11T18:26:10 IST" time="291.941" errors="0">
  <testcase name="LoggingIn" time="8.331" classname="com.PG.Tests.YogaAndNaturalPathy"/>
  <system-out/>
  <testcase name="YogaAndNaturalPathyWithAtleast45Percentage" time="165.355" classname="com.PG.Tests.YogaAndNaturalPathy"/>
  <system-out/>
  <testcase name="YogaAndNaturalPathyWithLessThan45Percentage" time="118.255" classname="com.PG.Tests.YogaAndNaturalPathy"/>
  <system-out/>
</testsuite> <!-- com.PG.Tests.YogaAndNaturalPathy -->
