<?xml version="1.0" encoding="UTF-8"?>
<!-- Generated by org.testng.reporters.JUnitReportReporter -->
<testsuite hostname="CSMBHUD215" failures="0" tests="2" name="com.PG.Tests.PopulationOfCollegeForPoliticalScience" time="292.519" errors="0" timestamp="2021-11-24T10:39:39 IST" skipped="0">
  <testcase classname="com.PG.Tests.PopulationOfCollegeForPoliticalScience" name="LoggingIn" time="11.954"/>
  <system-out/>
  <testcase classname="com.PG.Tests.PopulationOfCollegeForPoliticalScience" name="populationOfCollegeForEducationSubject" time="280.565"/>
  <system-out/>
</testsuite> <!-- com.PG.Tests.PopulationOfCollegeForPoliticalScience -->
