<?xml version="1.0" encoding="UTF-8"?>
<!-- Generated by org.testng.reporters.JUnitReportReporter -->
<testsuite hostname="LAPTOP-9060GQE8" failures="0" tests="3" name="com.PG.Tests.Botany" time="90.642" errors="0" timestamp="2021-07-24T16:35:50 IST" skipped="0">
  <testcase classname="com.PG.Tests.Botany" name="LoggingIn" time="10.222"/>
  <system-out/>
  <testcase classname="com.PG.Tests.Botany" name="BotanyWithAtleast45percentage" time="60.753"/>
  <system-out/>
  <testcase classname="com.PG.Tests.Botany" name="BotanyWithLessThan45percentage" time="19.667"/>
  <system-out/>
</testsuite> <!-- com.PG.Tests.Botany -->
