<?xml version="1.0" encoding="UTF-8"?>
<!-- Generated by org.testng.reporters.JUnitReportReporter -->
<testsuite skipped="0" hostname="LAPTOP-O7SD66MO" name="com.PG.Tests.LibraryAndInformationScienceDepartment" tests="3" failures="0" timestamp="2020-11-13T13:05:30 IST" time="69.000" errors="0">
  <testcase name="LoggingIn" time="8.528" classname="com.PG.Tests.LibraryAndInformationScienceDepartment"/>
  <system-out/>
  <testcase name="LibraryAndInformationScienceWithAtleast45percentage" time="50.493" classname="com.PG.Tests.LibraryAndInformationScienceDepartment"/>
  <system-out/>
  <testcase name="LibraryAndInformationScienceWithLessThan45percentage" time="9.979" classname="com.PG.Tests.LibraryAndInformationScienceDepartment"/>
  <system-out/>
</testsuite> <!-- com.PG.Tests.LibraryAndInformationScienceDepartment -->
