<?xml version="1.0" encoding="UTF-8"?>
<!-- Generated by org.testng.reporters.JUnitReportReporter -->
<testsuite skipped="0" hostname="LAPTOP-O7SD66MO" name="com.PG.Tests.VerifyCAFDifferentBoards" tests="3" failures="0" timestamp="2020-09-24T13:48:35 IST" time="67.299" errors="0">
  <testcase name="LoggingIn" time="40.395" classname="com.PG.Tests.VerifyCAFDifferentBoards"/>
  <system-out/>
  <testcase name="VerifySubmissionCAFOfOdishaBoard" time="15.089" classname="com.PG.Tests.VerifyCAFDifferentBoards"/>
  <system-out/>
  <testcase name="VerifySubmissionCAFOfNonOdishaBoard" time="11.815" classname="com.PG.Tests.VerifyCAFDifferentBoards"/>
  <system-out/>
</testsuite> <!-- com.PG.Tests.VerifyCAFDifferentBoards -->
