<?xml version="1.0" encoding="UTF-8"?>
<!-- Generated by org.testng.reporters.JUnitReportReporter -->
<testsuite skipped="0" hostname="LAPTOP-O7SD66MO" name="com.PG.Tests.UrduDepartment" tests="3" failures="0" timestamp="2020-11-11T18:26:10 IST" time="66.166" errors="0">
  <testcase name="LoggingIn" time="8.409" classname="com.PG.Tests.UrduDepartment"/>
  <system-out/>
  <testcase name="UrduDepartmentWithAtleast45Percentage" time="50.031" classname="com.PG.Tests.UrduDepartment"/>
  <system-out/>
  <testcase name="UrduDepartmentWithLessThan45Percentage" time="7.726" classname="com.PG.Tests.UrduDepartment"/>
  <system-out/>
</testsuite> <!-- com.PG.Tests.UrduDepartment -->
