<?xml version="1.0" encoding="UTF-8"?>
<!-- Generated by org.testng.reporters.JUnitReportReporter -->
<testsuite hostname="CSMBHUD215" failures="0" tests="3" name="com.PG.Tests.Anthropology" time="245.641" errors="0" timestamp="2021-11-29T12:32:25 IST" skipped="0">
  <testcase classname="com.PG.Tests.Anthropology" name="LoggingIn" time="11.304"/>
  <system-out/>
  <testcase classname="com.PG.Tests.Anthropology" name="AnthropologyWithAtleast45Percentage" time="145.334"/>
  <system-out/>
  <testcase classname="com.PG.Tests.Anthropology" name="AnthropologyWithLessThan45Percentage" time="89.003"/>
  <system-out/>
</testsuite> <!-- com.PG.Tests.Anthropology -->
