<?xml version="1.0" encoding="UTF-8"?>
<!-- Generated by org.testng.reporters.JUnitReportReporter -->
<testsuite hostname="LAPTOP-9060GQE8" failures="0" tests="3" name="com.PG.Tests.MBABusinessEconomics" time="301.515" errors="0" timestamp="2021-06-29T19:38:36 IST" skipped="0">
  <testcase classname="com.PG.Tests.MBABusinessEconomics" name="LoggingIn" time="10.627"/>
  <system-out/>
  <testcase classname="com.PG.Tests.MBABusinessEconomics" name="MBABusinessEconomicsWithAtleast50Percentage" time="173.142"/>
  <system-out/>
  <testcase classname="com.PG.Tests.MBABusinessEconomics" name="MBABusinessEconomicsWithLessThan50Percentage" time="117.746"/>
  <system-out/>
</testsuite> <!-- com.PG.Tests.MBABusinessEconomics -->
