<?xml version="1.0" encoding="UTF-8"?>
<!-- Generated by org.testng.reporters.JUnitReportReporter -->
<testsuite skipped="0" hostname="LAPTOP-O7SD66MO" name="com.PG.Tests.EarthScienceDepartment" tests="3" failures="0" timestamp="2020-11-13T13:05:30 IST" time="76.059" errors="0">
  <testcase name="LoggingIn" time="9.933" classname="com.PG.Tests.EarthScienceDepartment"/>
  <system-out/>
  <testcase name="EarthSciencePGDepartmentWithAtleast45percentage" time="53.241" classname="com.PG.Tests.EarthScienceDepartment"/>
  <system-out/>
  <testcase name="EarthSciencePGDepartmentWithLessThan45percentage" time="12.885" classname="com.PG.Tests.EarthScienceDepartment"/>
  <system-out/>
</testsuite> <!-- com.PG.Tests.EarthScienceDepartment -->
