<?xml version="1.0" encoding="UTF-8"?>
<!-- Generated by org.testng.reporters.JUnitReportReporter -->
<testsuite skipped="0" hostname="LAPTOP-O7SD66MO" name="com.PG.Tests.SantaliDepartment" tests="3" failures="0" timestamp="2020-11-11T18:26:10 IST" time="64.468" errors="0">
  <testcase name="LoggingIn" time="8.364" classname="com.PG.Tests.SantaliDepartment"/>
  <system-out/>
  <testcase name="SantaliWithAtleast45percentage" time="46.815" classname="com.PG.Tests.SantaliDepartment"/>
  <system-out/>
  <testcase name="SantaliWithLessThan45percentage" time="9.289" classname="com.PG.Tests.SantaliDepartment"/>
  <system-out/>
</testsuite> <!-- com.PG.Tests.SantaliDepartment -->
