<?xml version="1.0" encoding="UTF-8"?>
<!-- Generated by org.testng.reporters.JUnitReportReporter -->
<testsuite hostname="LAPTOP-9060GQE8" failures="0" tests="3" name="com.PG.Tests.AgeValidation" time="38.152" errors="0" timestamp="2021-07-24T16:35:50 IST" skipped="0">
  <testcase classname="com.PG.Tests.AgeValidation" name="LoggingIn" time="10.150"/>
  <system-out/>
  <testcase classname="com.PG.Tests.AgeValidation" name="SubmittingCAFWithValidAge" time="15.952"/>
  <system-out/>
  <testcase classname="com.PG.Tests.AgeValidation" name="SubmittingCAFWithInvalidAge" time="12.050"/>
  <system-out/>
</testsuite> <!-- com.PG.Tests.AgeValidation -->
