<?xml version="1.0" encoding="UTF-8"?>
<!-- Generated by org.testng.reporters.JUnitReportReporter -->
<testsuite hostname="LAPTOP-9060GQE8" failures="0" tests="3" name="com.PG.Tests.Geology" time="66.197" errors="0" timestamp="2021-07-24T16:35:50 IST" skipped="0">
  <testcase classname="com.PG.Tests.Geology" name="LoggingIn" time="10.166"/>
  <system-out/>
  <testcase classname="com.PG.Tests.Geology" name="GeologyWithAtleast45percentage" time="46.095"/>
  <system-out/>
  <testcase classname="com.PG.Tests.Geology" name="GeologyWithLessThan45percentage" time="9.936"/>
  <system-out/>
</testsuite> <!-- com.PG.Tests.Geology -->
