<?xml version="1.0" encoding="UTF-8"?>
<!-- Generated by org.testng.reporters.JUnitReportReporter -->
<testsuite skipped="0" hostname="LAPTOP-O7SD66MO" name="com.PG.Tests.BusinessAdministrationDepartment" tests="3" failures="0" timestamp="2020-11-13T13:05:30 IST" time="112.906" errors="0">
  <testcase name="LoggingIn" time="8.962" classname="com.PG.Tests.BusinessAdministrationDepartment"/>
  <system-out/>
  <testcase name="BusinessAdministrationWithAtleast50percentage" time="73.089" classname="com.PG.Tests.BusinessAdministrationDepartment"/>
  <system-out/>
  <testcase name="BusinessAdministrationWithLessThan50percentage" time="30.855" classname="com.PG.Tests.BusinessAdministrationDepartment"/>
  <system-out/>
</testsuite> <!-- com.PG.Tests.BusinessAdministrationDepartment -->
