<?xml version="1.0" encoding="UTF-8"?>
<!-- Generated by org.testng.reporters.JUnitReportReporter -->
<testsuite hostname="CSMBHUD215" failures="0" tests="2" name="com.PG.Tests.PopulationOfCollegeForPhysics" time="237.640" errors="0" timestamp="2021-11-23T16:40:42 IST" skipped="0">
  <testcase classname="com.PG.Tests.PopulationOfCollegeForPhysics" name="LoggingIn" time="11.563"/>
  <system-out/>
  <testcase classname="com.PG.Tests.PopulationOfCollegeForPhysics" name="populationOfCollegeForEducationSubject" time="226.077"/>
  <system-out/>
</testsuite> <!-- com.PG.Tests.PopulationOfCollegeForPhysics -->
