<?xml version="1.0" encoding="UTF-8"?>
<!-- Generated by org.testng.reporters.JUnitReportReporter -->
<testsuite hostname="LAPTOP-9060GQE8" failures="0" tests="3" name="com.PG.Tests.Odia" time="68.897" errors="0" timestamp="2021-07-24T16:35:50 IST" skipped="0">
  <testcase classname="com.PG.Tests.Odia" name="LoggingIn" time="11.425"/>
  <system-out/>
  <testcase classname="com.PG.Tests.Odia" name="OdiaWithAtleast45percentage" time="47.283"/>
  <system-out/>
  <testcase classname="com.PG.Tests.Odia" name="OdiaWithLessThan45percentage" time="10.189"/>
  <system-out/>
</testsuite> <!-- com.PG.Tests.Odia -->
