<?xml version="1.0" encoding="UTF-8"?>
<!-- Generated by org.testng.reporters.JUnitReportReporter -->
<testsuite hostname="LAPTOP-9060GQE8" failures="0" tests="3" name="com.PG.Tests.MBAFinancialManagement" time="427.622" errors="0" timestamp="2021-07-24T16:35:50 IST" skipped="0">
  <testcase classname="com.PG.Tests.MBAFinancialManagement" name="LoggingIn" time="10.471"/>
  <system-out/>
  <testcase classname="com.PG.Tests.MBAFinancialManagement" name="MBAFinancialManagementWithAtleast50Percentage" time="228.804"/>
  <system-out/>
  <testcase classname="com.PG.Tests.MBAFinancialManagement" name="MBAFinancialManagementLessThan50Percentage" time="188.347"/>
  <system-out/>
</testsuite> <!-- com.PG.Tests.MBAFinancialManagement -->
