<?xml version="1.0" encoding="UTF-8"?>
<!-- Generated by org.testng.reporters.JUnitReportReporter -->
<testsuite skipped="0" hostname="LAPTOP-O7SD66MO" name="com.PG.Tests.RegistrationScenarios" tests="2" failures="0" timestamp="2020-09-02T17:50:35 IST" time="11.727" errors="0">
  <testcase name="Registration_Through_Invalid_Data" time="6.063" classname="com.PG.Tests.RegistrationScenarios"/>
  <system-out/>
  <testcase name="Registration_Through_Duplicate_MobileNo" time="5.664" classname="com.PG.Tests.RegistrationScenarios"/>
  <system-out/>
</testsuite> <!-- com.PG.Tests.RegistrationScenarios -->
