<?xml version="1.0" encoding="UTF-8"?>
<!-- Generated by org.testng.reporters.JUnitReportReporter -->
<testsuite hostname="LAPTOP-9060GQE8" failures="0" tests="3" name="com.PG.Tests.PoliticalScience" time="421.793" errors="0" timestamp="2021-07-24T16:35:50 IST" skipped="0">
  <testcase classname="com.PG.Tests.PoliticalScience" name="LoggingIn" time="11.076"/>
  <system-out/>
  <testcase classname="com.PG.Tests.PoliticalScience" name="PoliticalScienceWithAtleast45percentage" time="231.717"/>
  <system-out/>
  <testcase classname="com.PG.Tests.PoliticalScience" name="PoliticalScienceWithLessThan45percentage" time="179.000"/>
  <system-out/>
</testsuite> <!-- com.PG.Tests.PoliticalScience -->
