<?xml version="1.0" encoding="UTF-8"?>
<!-- Generated by org.testng.reporters.JUnitReportReporter -->
<testsuite skipped="0" hostname="LAPTOP-O7SD66MO" name="com.PG.Tests.ChemistryDepartment" tests="3" failures="0" timestamp="2020-11-13T13:05:30 IST" time="72.928" errors="0">
  <testcase name="LoggingIn" time="9.859" classname="com.PG.Tests.ChemistryDepartment"/>
  <system-out/>
  <testcase name="ChemistryWithAtleast45percentage" time="52.325" classname="com.PG.Tests.ChemistryDepartment"/>
  <system-out/>
  <testcase name="ChemistryWithLessThan45percentage" time="10.744" classname="com.PG.Tests.ChemistryDepartment"/>
  <system-out/>
</testsuite> <!-- com.PG.Tests.ChemistryDepartment -->
