<?xml version="1.0" encoding="UTF-8"?>
<!-- Generated by org.testng.reporters.JUnitReportReporter -->
<testsuite hostname="LAPTOP-9060GQE8" failures="0" tests="3" name="com.PG.Tests.MathematicsArts" time="70.320" errors="0" timestamp="2021-08-04T17:39:42 IST" skipped="0">
  <testcase classname="com.PG.Tests.MathematicsArts" name="LoggingIn" time="11.679"/>
  <system-out/>
  <testcase classname="com.PG.Tests.MathematicsArts" name="MathmaticsWithAtleast45percentage" time="48.093"/>
  <system-out/>
  <testcase classname="com.PG.Tests.MathematicsArts" name="MathWithLessThan45percentage" time="10.548"/>
  <system-out/>
</testsuite> <!-- com.PG.Tests.MathematicsArts -->
