<?xml version="1.0" encoding="UTF-8"?>
<!-- Generated by org.testng.reporters.JUnitReportReporter -->
<testsuite hostname="LAPTOP-9060GQE8" failures="0" tests="3" name="com.PG.Tests.Law" time="68.269" errors="0" timestamp="2021-07-24T16:35:50 IST" skipped="0">
  <testcase classname="com.PG.Tests.Law" name="LoggingIn" time="10.451"/>
  <system-out/>
  <testcase classname="com.PG.Tests.Law" name="LawWithAtleast50percentage" time="47.419"/>
  <system-out/>
  <testcase classname="com.PG.Tests.Law" name="LawWithLessThan50percentage" time="10.399"/>
  <system-out/>
</testsuite> <!-- com.PG.Tests.Law -->
