<?xml version="1.0" encoding="UTF-8"?>
<!-- Generated by org.testng.reporters.JUnitReportReporter -->
<testsuite hostname="CSMBHUD215" failures="0" tests="2" name="com.PG.Tests.PopulationOfCollegeForEducation" time="206.071" errors="0" timestamp="2021-11-23T11:32:52 IST" skipped="0">
  <testcase classname="com.PG.Tests.PopulationOfCollegeForEducation" name="LoggingIn" time="11.376"/>
  <system-out/>
  <testcase classname="com.PG.Tests.PopulationOfCollegeForEducation" name="populationOfCollegeForEducationSubject" time="194.695"/>
  <system-out/>
</testsuite> <!-- com.PG.Tests.PopulationOfCollegeForEducation -->
