<?xml version="1.0" encoding="UTF-8"?>
<!-- Generated by org.testng.reporters.JUnitReportReporter -->
<testsuite hostname="LAPTOP-9060GQE8" failures="0" tests="3" name="com.PG.Tests.MarineScienceMarineBiology" time="151.045" errors="0" timestamp="2021-07-24T16:35:50 IST" skipped="0">
  <testcase classname="com.PG.Tests.MarineScienceMarineBiology" name="LoggingIn" time="10.514"/>
  <system-out/>
  <testcase classname="com.PG.Tests.MarineScienceMarineBiology" name="MarineScienceBiologyWithAtleast45percentage" time="90.289"/>
  <system-out/>
  <testcase classname="com.PG.Tests.MarineScienceMarineBiology" name="MarineScienceBiologyWithLessThan45percentage" time="50.242"/>
  <system-out/>
</testsuite> <!-- com.PG.Tests.MarineScienceMarineBiology -->
