<?xml version="1.0" encoding="UTF-8"?>
<!-- Generated by org.testng.reporters.JUnitReportReporter -->
<testsuite skipped="0" hostname="LAPTOP-O7SD66MO" name="com.ITI.Tests.PGTest" tests="1" failures="0" timestamp="2020-08-06T21:56:12 IST" time="19.497" errors="0">
  <testcase name="Test" time="19.497" classname="com.ITI.Tests.PGTest"/>
  <system-out/>
</testsuite> <!-- com.ITI.Tests.PGTest -->
