<?xml version="1.0" encoding="UTF-8"?>
<!-- Generated by org.testng.reporters.JUnitReportReporter -->
<testsuite skipped="0" hostname="LAPTOP-O7SD66MO" name="com.PG.Tests.ElectronicsAndTelecommunicationDepartment" tests="3" failures="0" timestamp="2020-11-13T13:05:30 IST" time="188.421" errors="0">
  <testcase name="LoggingIn" time="8.390" classname="com.PG.Tests.ElectronicsAndTelecommunicationDepartment"/>
  <system-out/>
  <testcase name="ElectronicsAndTelecomunicationWithAtleast50Percentage" time="120.120" classname="com.PG.Tests.ElectronicsAndTelecommunicationDepartment"/>
  <system-out/>
  <testcase name="ElectronicsAndTelecomunicationWithLessThan50Percentage" time="59.911" classname="com.PG.Tests.ElectronicsAndTelecommunicationDepartment"/>
  <system-out/>
</testsuite> <!-- com.PG.Tests.ElectronicsAndTelecommunicationDepartment -->
