<?xml version="1.0" encoding="UTF-8"?>
<!-- Generated by org.testng.reporters.JUnitReportReporter -->
<testsuite hostname="LAPTOP-9060GQE8" failures="0" tests="3" name="com.PG.Tests.Physics" time="70.748" errors="0" timestamp="2021-07-24T16:35:50 IST" skipped="0">
  <testcase classname="com.PG.Tests.Physics" name="LoggingIn" time="10.367"/>
  <system-out/>
  <testcase classname="com.PG.Tests.Physics" name="PhysicsWithAtleast45percentage" time="48.903"/>
  <system-out/>
  <testcase classname="com.PG.Tests.Physics" name="PhysicsWithLessThan45percentage" time="11.478"/>
  <system-out/>
</testsuite> <!-- com.PG.Tests.Physics -->
