<?xml version="1.0" encoding="UTF-8"?>
<!-- Generated by org.testng.reporters.JUnitReportReporter -->
<testsuite hostname="LAPTOP-9060GQE8" failures="0" tests="3" name="com.PG.Tests.MasterInPublicHealth" time="428.952" errors="0" timestamp="2021-07-24T16:35:50 IST" skipped="0">
  <testcase classname="com.PG.Tests.MasterInPublicHealth" name="LoggingIn" time="10.471"/>
  <system-out/>
  <testcase classname="com.PG.Tests.MasterInPublicHealth" name="MPHWithAtleast45Percentage" time="228.864"/>
  <system-out/>
  <testcase classname="com.PG.Tests.MasterInPublicHealth" name="MPHWithLessThan45Percentage" time="189.617"/>
  <system-out/>
</testsuite> <!-- com.PG.Tests.MasterInPublicHealth -->
