<?xml version="1.0" encoding="UTF-8"?>
<!-- Generated by org.testng.reporters.JUnitReportReporter -->
<testsuite skipped="0" hostname="LAPTOP-O7SD66MO" name="com.PG.Tests.AppliedPhysicsDepartment" tests="3" failures="0" timestamp="2020-11-13T13:05:30 IST" time="77.637" errors="0">
  <testcase name="LoggingIn" time="9.119" classname="com.PG.Tests.AppliedPhysicsDepartment"/>
  <system-out/>
  <testcase name="AppliedPhysicsWithAtleast45percentage" time="54.448" classname="com.PG.Tests.AppliedPhysicsDepartment"/>
  <system-out/>
  <testcase name="AppliedPhysicsWithLessThan45percentage" time="14.070" classname="com.PG.Tests.AppliedPhysicsDepartment"/>
  <system-out/>
</testsuite> <!-- com.PG.Tests.AppliedPhysicsDepartment -->
