<?xml version="1.0" encoding="UTF-8"?>
<!-- Generated by org.testng.reporters.JUnitReportReporter -->
<testsuite hostname="LAPTOP-9060GQE8" failures="0" tests="3" name="com.PG.Tests.Urdu" time="66.203" errors="0" timestamp="2021-07-24T16:35:50 IST" skipped="0">
  <testcase classname="com.PG.Tests.Urdu" name="LoggingIn" time="10.366"/>
  <system-out/>
  <testcase classname="com.PG.Tests.Urdu" name="UrduDepartmentWithAtleast45Percentage" time="48.078"/>
  <system-out/>
  <testcase classname="com.PG.Tests.Urdu" name="UrduDepartmentWithLessThan45Percentage" time="7.759"/>
  <system-out/>
</testsuite> <!-- com.PG.Tests.Urdu -->
