<?xml version="1.0" encoding="UTF-8"?>
<!-- Generated by org.testng.reporters.JUnitReportReporter -->
<testsuite hostname="LAPTOP-9060GQE8" failures="0" tests="4" name="com.PG.Tests.LoginScenarios" time="53.370" errors="0" timestamp="2021-07-24T16:35:50 IST" skipped="0">
  <testcase classname="com.PG.Tests.LoginScenarios" name="LoginWithInvalidMobileNoValidPassword" time="4.669"/>
  <system-out/>
  <testcase classname="com.PG.Tests.LoginScenarios" name="LoginWithValidMobileNoInvalidPassword" time="6.240"/>
  <system-out/>
  <testcase classname="com.PG.Tests.LoginScenarios" name="LoginWithInvalidMobileNoInvalidPassword" time="6.246"/>
  <system-out/>
  <testcase classname="com.PG.Tests.LoginScenarios" name="LoginWithValidMobileNoValidPassword" time="36.215"/>
  <system-out/>
</testsuite> <!-- com.PG.Tests.LoginScenarios -->
