<?xml version="1.0" encoding="UTF-8"?>
<!-- Generated by org.testng.reporters.JUnitReportReporter -->
<testsuite hostname="CSMBHUD215" failures="0" tests="2" name="com.PG.Tests.PopulationOfCollegeForHistory" time="237.255" errors="0" timestamp="2021-11-24T11:56:02 IST" skipped="0">
  <testcase classname="com.PG.Tests.PopulationOfCollegeForHistory" name="LoggingIn" time="11.528"/>
  <system-out/>
  <testcase classname="com.PG.Tests.PopulationOfCollegeForHistory" name="populationOfCollegeForEducationSubject" time="225.727"/>
  <system-out/>
</testsuite> <!-- com.PG.Tests.PopulationOfCollegeForHistory -->
