<?xml version="1.0" encoding="UTF-8"?>
<!-- Generated by org.testng.reporters.JUnitReportReporter -->
<testsuite hostname="LAPTOP-9060GQE8" failures="0" tests="3" name="com.PG.Tests.BusinessEconomics" time="299.343" errors="0" timestamp="2021-06-29T19:38:36 IST" skipped="0">
  <testcase classname="com.PG.Tests.BusinessEconomics" name="LoggingIn" time="11.013"/>
  <system-out/>
  <testcase classname="com.PG.Tests.BusinessEconomics" name="BusinessEconomicsWithAtleast50Percentage" time="169.854"/>
  <system-out/>
  <testcase classname="com.PG.Tests.BusinessEconomics" name="BusinessEconomicsWithLessThan50Percentage" time="118.476"/>
  <system-out/>
</testsuite> <!-- com.PG.Tests.BusinessEconomics -->
