<?xml version="1.0" encoding="UTF-8"?>
<!-- Generated by org.testng.reporters.JUnitReportReporter -->
<testsuite hostname="LAPTOP-9060GQE8" failures="0" tests="3" name="com.PG.Tests.PopulationStudies" time="425.402" errors="0" timestamp="2021-07-24T16:35:50 IST" skipped="0">
  <testcase classname="com.PG.Tests.PopulationStudies" name="LoggingIn" time="10.897"/>
  <system-out/>
  <testcase classname="com.PG.Tests.PopulationStudies" name="PopulationStudiesWithAtleast45percentage" time="236.376"/>
  <system-out/>
  <testcase classname="com.PG.Tests.PopulationStudies" name="PopulationStudiesWithLessThan45percentage" time="178.129"/>
  <system-out/>
</testsuite> <!-- com.PG.Tests.PopulationStudies -->
