<?xml version="1.0" encoding="UTF-8"?>
<!-- Generated by org.testng.reporters.JUnitReportReporter -->
<testsuite skipped="0" hostname="LAPTOP-O7SD66MO" name="com.PG.Tests.TestClass2" tests="2" failures="0" timestamp="2020-09-25T09:53:46 IST" time="54.796" errors="0">
  <testcase name="LoggingIn" time="40.451" classname="com.PG.Tests.TestClass2"/>
  <system-out/>
  <testcase name="click" time="14.345" classname="com.PG.Tests.TestClass2"/>
  <system-out/>
</testsuite> <!-- com.PG.Tests.TestClass2 -->
