<?xml version="1.0" encoding="UTF-8"?>
<!-- Generated by org.testng.reporters.JUnitReportReporter -->
<testsuite skipped="0" hostname="LAPTOP-O7SD66MO" name="com.PG.Tests.EnglishDepartment" tests="3" failures="0" timestamp="2020-11-13T13:05:30 IST" time="82.141" errors="0">
  <testcase name="LoggingIn" time="12.685" classname="com.PG.Tests.EnglishDepartment"/>
  <system-out/>
  <testcase name="EnglishWithAtleast45percentage" time="57.888" classname="com.PG.Tests.EnglishDepartment"/>
  <system-out/>
  <testcase name="EnglishWithLessThan45percentage" time="11.568" classname="com.PG.Tests.EnglishDepartment"/>
  <system-out/>
</testsuite> <!-- com.PG.Tests.EnglishDepartment -->
