<?xml version="1.0" encoding="UTF-8"?>
<!-- Generated by org.testng.reporters.JUnitReportReporter -->
<testsuite skipped="0" hostname="CSMBHUD073" name="com.PG.Tests.RegistrationScenariosNew" tests="3" failures="0" timestamp="2021-03-03T09:20:46 IST" time="93.349" errors="0">
  <testcase name="RegistrationThroughInvalidData" time="40.864" classname="com.PG.Tests.RegistrationScenariosNew"/>
  <system-out/>
  <testcase name="RegistrationThroughDuplicateMobileNo" time="8.233" classname="com.PG.Tests.RegistrationScenariosNew"/>
  <system-out/>
  <testcase name="RegistrationThroughDuplicateEmail" time="44.252" classname="com.PG.Tests.RegistrationScenariosNew"/>
  <system-out/>
</testsuite> <!-- com.PG.Tests.RegistrationScenariosNew -->
