<?xml version="1.0" encoding="UTF-8"?>
<!-- Generated by org.testng.reporters.JUnitReportReporter -->
<testsuite hostname="LAPTOP-9060GQE8" failures="0" tests="3" name="com.PG.Tests.Sanskrit" time="89.824" errors="0" timestamp="2021-07-24T16:35:50 IST" skipped="0">
  <testcase classname="com.PG.Tests.Sanskrit" name="LoggingIn" time="11.572"/>
  <system-out/>
  <testcase classname="com.PG.Tests.Sanskrit" name="SanskritWithAtleast45percentage" time="59.091"/>
  <system-out/>
  <testcase classname="com.PG.Tests.Sanskrit" name="SanskritWithLessThan45percentage" time="19.161"/>
  <system-out/>
</testsuite> <!-- com.PG.Tests.Sanskrit -->
