<?xml version="1.0" encoding="UTF-8"?>
<!-- Generated by org.testng.reporters.JUnitReportReporter -->
<testsuite hostname="LAPTOP-9060GQE8" failures="0" tests="3" name="com.PG.Tests.MSCInformationTechnology" time="125.372" errors="0" timestamp="2021-07-24T16:35:50 IST" skipped="0">
  <testcase classname="com.PG.Tests.MSCInformationTechnology" name="LoggingIn" time="10.692"/>
  <system-out/>
  <testcase classname="com.PG.Tests.MSCInformationTechnology" name="MSCInformationTechnologyWithAtleast45Percentage" time="78.208"/>
  <system-out/>
  <testcase classname="com.PG.Tests.MSCInformationTechnology" name="MSCInformationTechnologyWithLessThan45Percentage" time="36.472"/>
  <system-out/>
</testsuite> <!-- com.PG.Tests.MSCInformationTechnology -->
