<?xml version="1.0" encoding="UTF-8"?>
<!-- Generated by org.testng.reporters.JUnitReportReporter -->
<testsuite skipped="0" hostname="LAPTOP-O7SD66MO" name="com.PG.Tests.AnthropologyMScDepartment" tests="3" failures="0" timestamp="2020-11-11T18:26:10 IST" time="162.336" errors="0">
  <testcase name="LoggingIn" time="8.843" classname="com.PG.Tests.AnthropologyMScDepartment"/>
  <system-out/>
  <testcase name="AnthropologyMScWithAtleast45percentage" time="102.313" classname="com.PG.Tests.AnthropologyMScDepartment"/>
  <system-out/>
  <testcase name="AnthropologyMScWithLessThan45percentage" time="51.180" classname="com.PG.Tests.AnthropologyMScDepartment"/>
  <system-out/>
</testsuite> <!-- com.PG.Tests.AnthropologyMScDepartment -->
