<?xml version="1.0" encoding="UTF-8"?>
<!-- Generated by org.testng.reporters.JUnitReportReporter -->
<testsuite skipped="0" hostname="LAPTOP-O7SD66MO" name="com.PG.Tests.HindiDepartment" tests="3" failures="0" timestamp="2020-11-13T13:05:30 IST" time="69.374" errors="0">
  <testcase name="LoggingIn" time="9.020" classname="com.PG.Tests.HindiDepartment"/>
  <system-out/>
  <testcase name="HindiWithAtleast45percentage" time="50.348" classname="com.PG.Tests.HindiDepartment"/>
  <system-out/>
  <testcase name="HindiWithLessThan45percentage" time="10.006" classname="com.PG.Tests.HindiDepartment"/>
  <system-out/>
</testsuite> <!-- com.PG.Tests.HindiDepartment -->
