<?xml version="1.0" encoding="UTF-8"?>
<!-- Generated by org.testng.reporters.JUnitReportReporter -->
<testsuite hostname="LAPTOP-9060GQE8" failures="0" tests="3" name="com.PG.Tests.AnthropologyMSc" time="147.410" errors="0" timestamp="2021-07-24T16:35:50 IST" skipped="0">
  <testcase classname="com.PG.Tests.AnthropologyMSc" name="LoggingIn" time="9.772"/>
  <system-out/>
  <testcase classname="com.PG.Tests.AnthropologyMSc" name="AnthropologyMScWithAtleast45percentage" time="88.482"/>
  <system-out/>
  <testcase classname="com.PG.Tests.AnthropologyMSc" name="AnthropologyMScWithLessThan45percentage" time="49.156"/>
  <system-out/>
</testsuite> <!-- com.PG.Tests.AnthropologyMSc -->
