<?xml version="1.0" encoding="UTF-8"?>
<!-- Generated by org.testng.reporters.JUnitReportReporter -->
<testsuite hostname="LAPTOP-9060GQE8" failures="0" tests="3" name="com.PG.Tests.IndustrialChemistry" time="72.985" errors="0" timestamp="2021-07-24T16:35:50 IST" skipped="0">
  <testcase classname="com.PG.Tests.IndustrialChemistry" name="LoggingIn" time="10.483"/>
  <system-out/>
  <testcase classname="com.PG.Tests.IndustrialChemistry" name="IndustrialChemistryDepartmentWithAtleast45percentage" time="49.437"/>
  <system-out/>
  <testcase classname="com.PG.Tests.IndustrialChemistry" name="IndustrialChemistryDepartmentWithLessThan45percentage" time="13.065"/>
  <system-out/>
</testsuite> <!-- com.PG.Tests.IndustrialChemistry -->
