<?xml version="1.0" encoding="UTF-8"?>
<!-- Generated by org.testng.reporters.JUnitReportReporter -->
<testsuite hostname="LAPTOP-9060GQE8" failures="0" tests="3" name="com.PG.Tests.AppliedMicrobiology" time="102.393" errors="0" timestamp="2021-07-24T16:35:50 IST" skipped="0">
  <testcase classname="com.PG.Tests.AppliedMicrobiology" name="LoggingIn" time="10.106"/>
  <system-out/>
  <testcase classname="com.PG.Tests.AppliedMicrobiology" name="AppliedMicrobiologyWithAtleast45percentage" time="64.456"/>
  <system-out/>
  <testcase classname="com.PG.Tests.AppliedMicrobiology" name="AppliedMicrobiologyWithLessThan45percentage" time="27.831"/>
  <system-out/>
</testsuite> <!-- com.PG.Tests.AppliedMicrobiology -->
