<?xml version="1.0" encoding="UTF-8"?>
<!-- Generated by org.testng.reporters.JUnitReportReporter -->
<testsuite hostname="LAPTOP-9060GQE8" failures="0" tests="3" name="com.PG.Tests.GeographyArts" time="74.648" errors="0" timestamp="2021-08-04T16:31:37 IST" skipped="0">
  <testcase classname="com.PG.Tests.GeographyArts" name="LoggingIn" time="11.832"/>
  <system-out/>
  <testcase classname="com.PG.Tests.GeographyArts" name="GeographyWithAtleast45percentage" time="50.884"/>
  <system-out/>
  <testcase classname="com.PG.Tests.GeographyArts" name="GeographyWithLessThan45percentage" time="11.932"/>
  <system-out/>
</testsuite> <!-- com.PG.Tests.GeographyArts -->
