<?xml version="1.0" encoding="UTF-8"?>
<!-- Generated by org.testng.reporters.JUnitReportReporter -->
<testsuite skipped="0" hostname="LAPTOP-O7SD66MO" name="com.PG.Tests.PhilosophyAndCriticalThinkingDepartment" tests="3" failures="0" timestamp="2020-11-13T13:05:30 IST" time="296.498" errors="0">
  <testcase name="LoggingIn" time="9.473" classname="com.PG.Tests.PhilosophyAndCriticalThinkingDepartment"/>
  <system-out/>
  <testcase name="PhilosphyAndCriticalThinkingWithAtleast45Percentage" time="169.202" classname="com.PG.Tests.PhilosophyAndCriticalThinkingDepartment"/>
  <system-out/>
  <testcase name="PhilosphyAndCriticalThinkingWithLessThan45Percentage" time="117.823" classname="com.PG.Tests.PhilosophyAndCriticalThinkingDepartment"/>
  <system-out/>
</testsuite> <!-- com.PG.Tests.PhilosophyAndCriticalThinkingDepartment -->
