<?xml version="1.0" encoding="UTF-8"?>
<!-- Generated by org.testng.reporters.JUnitReportReporter -->
<testsuite hostname="LAPTOP-9060GQE8" failures="0" tests="3" name="com.PG.Tests.BioInformatics" time="140.539" errors="0" timestamp="2021-07-24T16:35:50 IST" skipped="0">
  <testcase classname="com.PG.Tests.BioInformatics" name="LoggingIn" time="10.272"/>
  <system-out/>
  <testcase classname="com.PG.Tests.BioInformatics" name="BioInformaticsWithAtleast50Percentage" time="85.898"/>
  <system-out/>
  <testcase classname="com.PG.Tests.BioInformatics" name="BioInformaticsWithLessThan50Percentage" time="44.369"/>
  <system-out/>
</testsuite> <!-- com.PG.Tests.BioInformatics -->
