<?xml version="1.0" encoding="UTF-8"?>
<!-- Generated by org.testng.reporters.JUnitReportReporter -->
<testsuite hostname="LAPTOP-9060GQE8" failures="0" tests="3" name="com.PG.Tests.ClinicalPsychology" time="410.497" errors="0" timestamp="2021-07-24T16:35:50 IST" skipped="0">
  <testcase classname="com.PG.Tests.ClinicalPsychology" name="LoggingIn" time="10.302"/>
  <system-out/>
  <testcase classname="com.PG.Tests.ClinicalPsychology" name="ClinicalPsychologyWithAtleast45Percentage" time="225.510"/>
  <system-out/>
  <testcase classname="com.PG.Tests.ClinicalPsychology" name="ClinicalPsychologyWithLessThan45Percentage" time="174.685"/>
  <system-out/>
</testsuite> <!-- com.PG.Tests.ClinicalPsychology -->
