<?xml version="1.0" encoding="UTF-8"?>
<!-- Generated by org.testng.reporters.JUnitReportReporter -->
<testsuite hostname="LAPTOP-9060GQE8" failures="0" tests="4" name="com.PG.Tests.BioScienceAndBioInformatics" time="273.095" errors="0" timestamp="2021-07-01T16:49:36 IST" skipped="0">
  <testcase classname="com.PG.Tests.BioScienceAndBioInformatics" name="LoggingIn" time="10.668"/>
  <system-out/>
  <testcase classname="com.PG.Tests.BioScienceAndBioInformatics" name="BioScienceAndBioInformaticsWithAtleast50Percentage" time="129.752"/>
  <system-out/>
  <testcase classname="com.PG.Tests.BioScienceAndBioInformatics" name="BioScienceAndBioInformaticsWithLessThan50Percentage" time="79.722"/>
  <system-out/>
  <testcase classname="com.PG.Tests.BioScienceAndBioInformatics" name="NotStudiedBiology" time="52.953"/>
  <system-out/>
</testsuite> <!-- com.PG.Tests.BioScienceAndBioInformatics -->
