<?xml version="1.0" encoding="UTF-8"?>
<!-- Generated by org.testng.reporters.JUnitReportReporter -->
<testsuite skipped="0" hostname="LAPTOP-O7SD66MO" name="com.PG.Tests.ZoologyDepartment" tests="3" failures="0" timestamp="2020-11-11T18:26:10 IST" time="82.618" errors="0">
  <testcase name="LoggingIn" time="8.714" classname="com.PG.Tests.ZoologyDepartment"/>
  <system-out/>
  <testcase name="ZoologyWithAtleast45Percentage" time="58.120" classname="com.PG.Tests.ZoologyDepartment"/>
  <system-out/>
  <testcase name="ZoologyDepartmentWithLessThan45Percentage" time="15.784" classname="com.PG.Tests.ZoologyDepartment"/>
  <system-out/>
</testsuite> <!-- com.PG.Tests.ZoologyDepartment -->
