<?xml version="1.0" encoding="UTF-8"?>
<!-- Generated by org.testng.reporters.JUnitReportReporter -->
<testsuite hostname="LAPTOP-9060GQE8" failures="0" tests="3" name="com.PG.Tests.Electronics" time="183.588" errors="0" timestamp="2021-08-04T16:10:23 IST" skipped="0">
  <testcase classname="com.PG.Tests.Electronics" name="LoggingIn" time="12.243"/>
  <system-out/>
  <testcase classname="com.PG.Tests.Electronics" name="ElectronicsWithAtleast45Percentage" time="108.787"/>
  <system-out/>
  <testcase classname="com.PG.Tests.Electronics" name="ElectronicsWithLessThan45Percentage" time="62.558"/>
  <system-out/>
</testsuite> <!-- com.PG.Tests.Electronics -->
