<?xml version="1.0" encoding="UTF-8"?>
<!-- Generated by org.testng.reporters.JUnitReportReporter -->
<testsuite skipped="0" hostname="LAPTOP-O7SD66MO" name="com.PG.Tests.LinguisticsDepartment" tests="3" failures="0" timestamp="2020-11-13T13:05:30 IST" time="139.261" errors="0">
  <testcase name="LoggingIn" time="9.089" classname="com.PG.Tests.LinguisticsDepartment"/>
  <system-out/>
  <testcase name="LinguisticsWithAtleast45percentage" time="86.181" classname="com.PG.Tests.LinguisticsDepartment"/>
  <system-out/>
  <testcase name="LinguisticsWithLessThan45percentage" time="43.991" classname="com.PG.Tests.LinguisticsDepartment"/>
  <system-out/>
</testsuite> <!-- com.PG.Tests.LinguisticsDepartment -->
