<?xml version="1.0" encoding="UTF-8"?>
<!-- Generated by org.testng.reporters.JUnitReportReporter -->
<testsuite hostname="LAPTOP-9060GQE8" failures="0" tests="3" name="com.PG.Tests.AnthropologyAndTribalStudiesArts" time="149.351" errors="0" timestamp="2021-07-24T16:35:50 IST" skipped="0">
  <testcase classname="com.PG.Tests.AnthropologyAndTribalStudiesArts" name="LoggingIn" time="10.637"/>
  <system-out/>
  <testcase classname="com.PG.Tests.AnthropologyAndTribalStudiesArts" name="AnthropologyAndTribalStudiesWithAtleast45Percentage" time="88.643"/>
  <system-out/>
  <testcase classname="com.PG.Tests.AnthropologyAndTribalStudiesArts" name="AnthropologyAndTribalStudiesWithLessThan45Percentage" time="50.071"/>
  <system-out/>
</testsuite> <!-- com.PG.Tests.AnthropologyAndTribalStudiesArts -->
