<?xml version="1.0" encoding="UTF-8"?>
<!-- Generated by org.testng.reporters.JUnitReportReporter -->
<testsuite hostname="LAPTOP-9060GQE8" failures="0" tests="2" name="com.PG.Tests.ReadOnlyCheckMobileNo" time="12.532" errors="0" timestamp="2021-07-24T16:35:50 IST" skipped="0">
  <testcase classname="com.PG.Tests.ReadOnlyCheckMobileNo" name="LoggingIn" time="11.069"/>
  <system-out/>
  <testcase classname="com.PG.Tests.ReadOnlyCheckMobileNo" name="VerifyReadOnlyMobileNo" time="1.463"/>
  <system-out/>
</testsuite> <!-- com.PG.Tests.ReadOnlyCheckMobileNo -->
