<?xml version="1.0" encoding="UTF-8"?>
<!-- Generated by org.testng.reporters.JUnitReportReporter -->
<testsuite hostname="LAPTOP-9060GQE8" failures="0" tests="3" name="com.PG.Tests.MFC" time="67.579" errors="0" timestamp="2021-07-24T16:35:50 IST" skipped="0">
  <testcase classname="com.PG.Tests.MFC" name="LoggingIn" time="10.867"/>
  <system-out/>
  <testcase classname="com.PG.Tests.MFC" name="MFCWithAtleast45Percentage" time="48.044"/>
  <system-out/>
  <testcase classname="com.PG.Tests.MFC" name="MFCWithLessThan45Percentage" time="8.668"/>
  <system-out/>
</testsuite> <!-- com.PG.Tests.MFC -->
