<?xml version="1.0" encoding="UTF-8"?>
<!-- Generated by org.testng.reporters.JUnitReportReporter -->
<testsuite hostname="LAPTOP-9060GQE8" failures="0" tests="3" name="com.PG.Tests.Microbiology" time="146.065" errors="0" timestamp="2021-07-24T16:35:50 IST" skipped="0">
  <testcase classname="com.PG.Tests.Microbiology" name="LoggingIn" time="10.361"/>
  <system-out/>
  <testcase classname="com.PG.Tests.Microbiology" name="MicrobiologyWithAtleast45Percentage" time="89.271"/>
  <system-out/>
  <testcase classname="com.PG.Tests.Microbiology" name="MicrobiologyWithLessThan45Percentage" time="46.433"/>
  <system-out/>
</testsuite> <!-- com.PG.Tests.Microbiology -->
