<?xml version="1.0" encoding="UTF-8"?>
<!-- Generated by org.testng.reporters.JUnitReportReporter -->
<testsuite hostname="CSMBHUD215" failures="0" tests="2" name="com.PG.Tests.PopulationOfCollegeForZoology" time="217.857" errors="0" timestamp="2021-11-24T11:43:38 IST" skipped="0">
  <testcase classname="com.PG.Tests.PopulationOfCollegeForZoology" name="LoggingIn" time="11.960"/>
  <system-out/>
  <testcase classname="com.PG.Tests.PopulationOfCollegeForZoology" name="populationOfCollegeForEducationSubject" time="205.897"/>
  <system-out/>
</testsuite> <!-- com.PG.Tests.PopulationOfCollegeForZoology -->
