<?xml version="1.0" encoding="UTF-8"?>
<!-- Generated by org.testng.reporters.JUnitReportReporter -->
<testsuite hostname="LAPTOP-9060GQE8" failures="0" tests="3" name="com.PG.Tests.GeographyScience" time="73.712" errors="0" timestamp="2021-08-04T16:45:17 IST" skipped="0">
  <testcase classname="com.PG.Tests.GeographyScience" name="LoggingIn" time="11.557"/>
  <system-out/>
  <testcase classname="com.PG.Tests.GeographyScience" name="GeographyWithAtleast45percentage" time="52.020"/>
  <system-out/>
  <testcase classname="com.PG.Tests.GeographyScience" name="GeographyWithLessThan45percentage" time="10.135"/>
  <system-out/>
</testsuite> <!-- com.PG.Tests.GeographyScience -->
