<?xml version="1.0" encoding="UTF-8"?>
<!-- Generated by org.testng.reporters.JUnitReportReporter -->
<testsuite hostname="LAPTOP-9060GQE8" failures="0" tests="3" name="com.PG.Tests.MassCommunicationAndMediaTechnology" time="138.918" errors="0" timestamp="2021-06-29T19:38:36 IST" skipped="0">
  <testcase classname="com.PG.Tests.MassCommunicationAndMediaTechnology" name="LoggingIn" time="11.914"/>
  <system-out/>
  <testcase classname="com.PG.Tests.MassCommunicationAndMediaTechnology" name="MassMediaWithAtleast45percentage" time="82.604"/>
  <system-out/>
  <testcase classname="com.PG.Tests.MassCommunicationAndMediaTechnology" name="MassMediaWithLessThan45percentage" time="44.400"/>
  <system-out/>
</testsuite> <!-- com.PG.Tests.MassCommunicationAndMediaTechnology -->
