<?xml version="1.0" encoding="UTF-8"?>
<!-- Generated by org.testng.reporters.JUnitReportReporter -->
<testsuite hostname="LAPTOP-9060GQE8" failures="0" tests="3" name="com.PG.Tests.GenderStudies" time="97.380" errors="0" timestamp="2021-07-24T16:35:50 IST" skipped="0">
  <testcase classname="com.PG.Tests.GenderStudies" name="LoggingIn" time="10.236"/>
  <system-out/>
  <testcase classname="com.PG.Tests.GenderStudies" name="GenderStudiesWithAtleast45Percentage" time="63.618"/>
  <system-out/>
  <testcase classname="com.PG.Tests.GenderStudies" name="GenderStudiesWithLessThan45Percentage" time="23.526"/>
  <system-out/>
</testsuite> <!-- com.PG.Tests.GenderStudies -->
