<?xml version="1.0" encoding="UTF-8"?>
<!-- Generated by org.testng.reporters.JUnitReportReporter -->
<testsuite hostname="LAPTOP-9060GQE8" failures="0" tests="3" name="com.PG.Tests.AppliedGeography" time="82.256" errors="0" timestamp="2021-07-24T16:35:50 IST" skipped="0">
  <testcase classname="com.PG.Tests.AppliedGeography" name="LoggingIn" time="10.242"/>
  <system-out/>
  <testcase classname="com.PG.Tests.AppliedGeography" name="AppliedGeographyWithAtleast45Percentage" time="55.694"/>
  <system-out/>
  <testcase classname="com.PG.Tests.AppliedGeography" name="AppliedGeographyWithLessThan45Percentage" time="16.320"/>
  <system-out/>
</testsuite> <!-- com.PG.Tests.AppliedGeography -->
