<?xml version="1.0" encoding="UTF-8"?>
<!-- Generated by org.testng.reporters.JUnitReportReporter -->
<testsuite hostname="LAPTOP-9060GQE8" failures="0" tests="3" name="com.PG.Tests.MBABusinessAdministration" time="437.363" errors="0" timestamp="2021-07-24T16:35:50 IST" skipped="0">
  <testcase classname="com.PG.Tests.MBABusinessAdministration" name="LoggingIn" time="10.700"/>
  <system-out/>
  <testcase classname="com.PG.Tests.MBABusinessAdministration" name="MBABusinessAdministrationWithAtleast50Percentage" time="239.664"/>
  <system-out/>
  <testcase classname="com.PG.Tests.MBABusinessAdministration" name="MBABusinessAdministrationWithLessThan50Percentage" time="186.999"/>
  <system-out/>
</testsuite> <!-- com.PG.Tests.MBABusinessAdministration -->
