<?xml version="1.0" encoding="UTF-8"?>
<!-- Generated by org.testng.reporters.JUnitReportReporter -->
<testsuite hostname="LAPTOP-9060GQE8" failures="0" tests="3" name="com.PG.Tests.AppliedPhysics" time="72.479" errors="0" timestamp="2021-07-24T16:35:50 IST" skipped="0">
  <testcase classname="com.PG.Tests.AppliedPhysics" name="LoggingIn" time="9.911"/>
  <system-out/>
  <testcase classname="com.PG.Tests.AppliedPhysics" name="AppliedPhysicsWithAtleast45percentage" time="49.598"/>
  <system-out/>
  <testcase classname="com.PG.Tests.AppliedPhysics" name="AppliedPhysicsWithLessThan45percentage" time="12.970"/>
  <system-out/>
</testsuite> <!-- com.PG.Tests.AppliedPhysics -->
