<?xml version="1.0" encoding="UTF-8"?>
<!-- Generated by org.testng.reporters.JUnitReportReporter -->
<testsuite hostname="LAPTOP-9060GQE8" failures="0" tests="2" name="com.PG.Tests.ReadOnlyCheckEmailId" time="12.430" errors="0" timestamp="2021-07-24T16:35:50 IST" skipped="0">
  <testcase classname="com.PG.Tests.ReadOnlyCheckEmailId" name="LoggingIn" time="10.803"/>
  <system-out/>
  <testcase classname="com.PG.Tests.ReadOnlyCheckEmailId" name="VerifyReadOnlyEmailId" time="1.627"/>
  <system-out/>
</testsuite> <!-- com.PG.Tests.ReadOnlyCheckEmailId -->
