<?xml version="1.0" encoding="UTF-8"?>
<!-- Generated by org.testng.reporters.JUnitReportReporter -->
<testsuite hostname="LAPTOP-9060GQE8" failures="0" tests="3" name="com.PG.Tests.Linguistics" time="428.911" errors="0" timestamp="2021-07-24T16:35:50 IST" skipped="0">
  <testcase classname="com.PG.Tests.Linguistics" name="LoggingIn" time="10.166"/>
  <system-out/>
  <testcase classname="com.PG.Tests.Linguistics" name="LinguisticsWithAtleast45percentage" time="235.785"/>
  <system-out/>
  <testcase classname="com.PG.Tests.Linguistics" name="LinguisticsWithLessThan45percentage" time="182.960"/>
  <system-out/>
</testsuite> <!-- com.PG.Tests.Linguistics -->
