<?xml version="1.0" encoding="UTF-8"?>
<!-- Generated by org.testng.reporters.JUnitReportReporter -->
<testsuite hostname="LAPTOP-9060GQE8" failures="0" tests="4" name="com.PG.Tests.BioChemistryDepartment" time="264.435" errors="0" timestamp="2021-06-26T17:09:24 IST" skipped="0">
  <testcase classname="com.PG.Tests.BioChemistryDepartment" name="LoggingIn" time="10.879"/>
  <system-out/>
  <testcase classname="com.PG.Tests.BioChemistryDepartment" name="BioChemistryWithAtleast50Percentage" time="123.604"/>
  <system-out/>
  <testcase classname="com.PG.Tests.BioChemistryDepartment" name="BioChemistryWithLessThan50Percentage" time="77.742"/>
  <system-out/>
  <testcase classname="com.PG.Tests.BioChemistryDepartment" name="NotEligibleCriteria" time="52.210"/>
  <system-out/>
</testsuite> <!-- com.PG.Tests.BioChemistryDepartment -->
