<?xml version="1.0" encoding="UTF-8"?>
<!-- Generated by org.testng.reporters.JUnitReportReporter -->
<testsuite hostname="LAPTOP-9060GQE8" failures="0" tests="4" name="com.PG.Tests.ApplyingCAFWithDiffGender" time="49.932" errors="0" timestamp="2021-07-24T16:35:50 IST" skipped="0">
  <testcase classname="com.PG.Tests.ApplyingCAFWithDiffGender" name="LoggingIn" time="10.958"/>
  <system-out/>
  <testcase classname="com.PG.Tests.ApplyingCAFWithDiffGender" name="SubmittingCAFByMaleCandidate" time="15.317"/>
  <system-out/>
  <testcase classname="com.PG.Tests.ApplyingCAFWithDiffGender" name="SubmittingCAFByFemaleCandidate" time="12.938"/>
  <system-out/>
  <testcase classname="com.PG.Tests.ApplyingCAFWithDiffGender" name="SubmittingCAFByTransgenderCandidate" time="10.719"/>
  <system-out/>
</testsuite> <!-- com.PG.Tests.ApplyingCAFWithDiffGender -->
