<?xml version="1.0" encoding="UTF-8"?>
<!-- Generated by org.testng.reporters.JUnitReportReporter -->
<testsuite hostname="LAPTOP-9060GQE8" failures="0" tests="3" name="com.PG.Tests.MaterialScienceDepartment" time="136.757" errors="0" timestamp="2021-06-25T18:19:52 IST" skipped="0">
  <testcase classname="com.PG.Tests.MaterialScienceDepartment" name="LoggingIn" time="10.698"/>
  <system-out/>
  <testcase classname="com.PG.Tests.MaterialScienceDepartment" name="MaterialScienceWithAtleast50Percentage" time="84.027"/>
  <system-out/>
  <testcase classname="com.PG.Tests.MaterialScienceDepartment" name="MaterialScienceWithLessThan50Percentage" time="42.032"/>
  <system-out/>
</testsuite> <!-- com.PG.Tests.MaterialScienceDepartment -->
