<?xml version="1.0" encoding="UTF-8"?>
<!-- Generated by org.testng.reporters.JUnitReportReporter -->
<testsuite skipped="0" hostname="LAPTOP-O7SD66MO" name="com.PG.Tests.LifeScienceDepartment" tests="3" failures="0" timestamp="2020-11-13T13:05:30 IST" time="144.858" errors="0">
  <testcase name="LoggingIn" time="9.627" classname="com.PG.Tests.LifeScienceDepartment"/>
  <system-out/>
  <testcase name="LifeScienceWithAtleast45percentage" time="90.767" classname="com.PG.Tests.LifeScienceDepartment"/>
  <system-out/>
  <testcase name="LifeScienceWithLessThan45Percentage" time="44.464" classname="com.PG.Tests.LifeScienceDepartment"/>
  <system-out/>
</testsuite> <!-- com.PG.Tests.LifeScienceDepartment -->
