<?xml version="1.0" encoding="UTF-8"?>
<!-- Generated by org.testng.reporters.JUnitReportReporter -->
<testsuite skipped="0" hostname="LAPTOP-O7SD66MO" name="com.PG.Tests.ClinicalPsychologyDepartment" tests="3" failures="0" timestamp="2020-11-13T13:05:30 IST" time="318.743" errors="0">
  <testcase name="LoggingIn" time="8.475" classname="com.PG.Tests.ClinicalPsychologyDepartment"/>
  <system-out/>
  <testcase name="ClinicalPsychologyWithAtleast45Percentage" time="180.925" classname="com.PG.Tests.ClinicalPsychologyDepartment"/>
  <system-out/>
  <testcase name="ClinicalPsychologyWithLessThan45Percentage" time="129.343" classname="com.PG.Tests.ClinicalPsychologyDepartment"/>
  <system-out/>
</testsuite> <!-- com.PG.Tests.ClinicalPsychologyDepartment -->
