<?xml version="1.0" encoding="UTF-8"?>
<!-- Generated by org.testng.reporters.JUnitReportReporter -->
<testsuite hostname="LAPTOP-9060GQE8" failures="0" tests="3" name="com.PG.Tests.AppliedGeology" time="72.534" errors="0" timestamp="2021-07-24T16:35:50 IST" skipped="0">
  <testcase classname="com.PG.Tests.AppliedGeology" name="LoggingIn" time="10.339"/>
  <system-out/>
  <testcase classname="com.PG.Tests.AppliedGeology" name="AppliedGeologyWithAtleast45percentage" time="49.262"/>
  <system-out/>
  <testcase classname="com.PG.Tests.AppliedGeology" name="AppliedGeologyWithLessThan45percentage" time="12.933"/>
  <system-out/>
</testsuite> <!-- com.PG.Tests.AppliedGeology -->
