<?xml version="1.0" encoding="UTF-8"?>
<!-- Generated by org.testng.reporters.JUnitReportReporter -->
<testsuite hostname="LAPTOP-9060GQE8" failures="0" tests="3" name="com.PG.Tests.MSCComputerScience" time="138.223" errors="0" timestamp="2021-07-24T16:35:50 IST" skipped="0">
  <testcase classname="com.PG.Tests.MSCComputerScience" name="LoggingIn" time="10.575"/>
  <system-out/>
  <testcase classname="com.PG.Tests.MSCComputerScience" name="MSCComputerScienceWithAtleast45Percentage" time="85.367"/>
  <system-out/>
  <testcase classname="com.PG.Tests.MSCComputerScience" name="MSCComputerScienceWithLessThan45Percentage" time="42.281"/>
  <system-out/>
</testsuite> <!-- com.PG.Tests.MSCComputerScience -->
