<?xml version="1.0" encoding="UTF-8"?>
<!-- Generated by org.testng.reporters.JUnitReportReporter -->
<testsuite hostname="LAPTOP-9060GQE8" failures="0" tests="3" name="com.PG.Tests.Geography" time="86.632" errors="0" timestamp="2021-07-24T16:35:50 IST" skipped="0">
  <testcase classname="com.PG.Tests.Geography" name="LoggingIn" time="10.285"/>
  <system-out/>
  <testcase classname="com.PG.Tests.Geography" name="GeographyWithAtleast45percentage" time="56.557"/>
  <system-out/>
  <testcase classname="com.PG.Tests.Geography" name="GeographyWithLessThan45percentage" time="19.790"/>
  <system-out/>
</testsuite> <!-- com.PG.Tests.Geography -->
