<?xml version="1.0" encoding="UTF-8"?>
<!-- Generated by org.testng.reporters.JUnitReportReporter -->
<testsuite hostname="LAPTOP-9060GQE8" failures="0" tests="3" name="com.PG.Tests.Hindi" time="67.771" errors="0" timestamp="2021-07-24T16:35:50 IST" skipped="0">
  <testcase classname="com.PG.Tests.Hindi" name="LoggingIn" time="10.831"/>
  <system-out/>
  <testcase classname="com.PG.Tests.Hindi" name="HindiWithAtleast45percentage" time="46.855"/>
  <system-out/>
  <testcase classname="com.PG.Tests.Hindi" name="HindiWithLessThan45percentage" time="10.085"/>
  <system-out/>
</testsuite> <!-- com.PG.Tests.Hindi -->
