<?xml version="1.0" encoding="UTF-8"?>
<!-- Generated by org.testng.reporters.JUnitReportReporter -->
<testsuite hostname="LAPTOP-9060GQE8" failures="0" tests="3" name="com.PG.Tests.AppliedPsychology" time="412.767" errors="0" timestamp="2021-07-24T16:35:50 IST" skipped="0">
  <testcase classname="com.PG.Tests.AppliedPsychology" name="LoggingIn" time="10.163"/>
  <system-out/>
  <testcase classname="com.PG.Tests.AppliedPsychology" name="AppliedPsychologyWithAtleast45Percentage" time="227.470"/>
  <system-out/>
  <testcase classname="com.PG.Tests.AppliedPsychology" name="AppliedPsychologyWithLessThan45Percentage" time="175.134"/>
  <system-out/>
</testsuite> <!-- com.PG.Tests.AppliedPsychology -->
