<?xml version="1.0" encoding="UTF-8"?>
<!-- Generated by org.testng.reporters.JUnitReportReporter -->
<testsuite skipped="0" hostname="LAPTOP-O7SD66MO" name="com.PG.Tests.GeologyDepartment" tests="3" failures="0" timestamp="2020-11-13T13:05:30 IST" time="70.630" errors="0">
  <testcase name="LoggingIn" time="10.106" classname="com.PG.Tests.GeologyDepartment"/>
  <system-out/>
  <testcase name="GeologyWithAtleast45percentage" time="50.539" classname="com.PG.Tests.GeologyDepartment"/>
  <system-out/>
  <testcase name="GeologyWithLessThan45percentage" time="9.985" classname="com.PG.Tests.GeologyDepartment"/>
  <system-out/>
</testsuite> <!-- com.PG.Tests.GeologyDepartment -->
