<?xml version="1.0" encoding="UTF-8"?>
<!-- Generated by org.testng.reporters.JUnitReportReporter -->
<testsuite skipped="0" hostname="LAPTOP-O7SD66MO" name="com.ITI.businessLibrary.Registration" tests="1" failures="0" timestamp="2020-07-17T13:09:51 IST" time="8.373" errors="0">
  <testcase name="Register" time="8.373" classname="com.ITI.businessLibrary.Registration"/>
  <system-out/>
</testsuite> <!-- com.ITI.businessLibrary.Registration -->
