<?xml version="1.0" encoding="UTF-8"?>
<!-- Generated by org.testng.reporters.JUnitReportReporter -->
<testsuite skipped="0" hostname="LAPTOP-O7SD66MO" name="com.PG.Tests.AppliedPsychologyDepartment" tests="3" failures="0" timestamp="2020-11-13T13:05:30 IST" time="309.046" errors="0">
  <testcase name="LoggingIn" time="9.271" classname="com.PG.Tests.AppliedPsychologyDepartment"/>
  <system-out/>
  <testcase name="AppliedPsychologyWithAtleast45Percentage" time="173.610" classname="com.PG.Tests.AppliedPsychologyDepartment"/>
  <system-out/>
  <testcase name="AppliedPsychologyWithLessThan45Percentage" time="126.165" classname="com.PG.Tests.AppliedPsychologyDepartment"/>
  <system-out/>
</testsuite> <!-- com.PG.Tests.AppliedPsychologyDepartment -->
