<?xml version="1.0" encoding="UTF-8"?>
<!-- Generated by org.testng.reporters.JUnitReportReporter -->
<testsuite skipped="0" hostname="LAPTOP-O7SD66MO" name="com.PG.Tests.ElectronicsScienceDepartment" tests="3" failures="0" timestamp="2020-11-16T10:46:11 IST" time="188.096" errors="0">
  <testcase name="LoggingIn" time="7.925" classname="com.PG.Tests.ElectronicsScienceDepartment"/>
  <system-out/>
  <testcase name="ElectronicsScienceWithAtleast45Percentage" time="110.310" classname="com.PG.Tests.ElectronicsScienceDepartment"/>
  <system-out/>
  <testcase name="ElectronicsScienceWithLessThan45Percentage" time="69.861" classname="com.PG.Tests.ElectronicsScienceDepartment"/>
  <system-out/>
</testsuite> <!-- com.PG.Tests.ElectronicsScienceDepartment -->
