<?xml version="1.0" encoding="UTF-8"?>
<!-- Generated by org.testng.reporters.JUnitReportReporter -->
<testsuite hostname="CSMBHUD215" failures="0" tests="4" name="com.PG.Tests.AddCollegePreferencesForHistory" time="55.699" errors="0" timestamp="2021-11-24T17:08:57 IST" skipped="0">
  <testcase classname="com.PG.Tests.AddCollegePreferencesForHistory" name="LoggingIn" time="15.400"/>
  <system-out/>
  <testcase classname="com.PG.Tests.AddCollegePreferencesForHistory" name="CheckForAddMoreThan10Colleges" time="13.652"/>
  <system-out/>
  <testcase classname="com.PG.Tests.AddCollegePreferencesForHistory" name="CheckForAddWomenCollegeForMaleCandidate" time="9.807"/>
  <system-out/>
  <testcase classname="com.PG.Tests.AddCollegePreferencesForHistory" name="CheckForAddDuplicateCollegeForEducation" time="16.840"/>
  <system-out/>
</testsuite> <!-- com.PG.Tests.AddCollegePreferencesForHistory -->
