<?xml version="1.0" encoding="UTF-8"?>
<!-- Generated by org.testng.reporters.JUnitReportReporter -->
<testsuite skipped="0" hostname="LAPTOP-O7SD66MO" name="com.PG.Tests.MarineScienceBiologyDepartment" tests="3" failures="0" timestamp="2020-11-13T13:05:30 IST" time="154.554" errors="0">
  <testcase name="LoggingIn" time="9.694" classname="com.PG.Tests.MarineScienceBiologyDepartment"/>
  <system-out/>
  <testcase name="MarineScienceBiologyWithAtleast45percentage" time="94.802" classname="com.PG.Tests.MarineScienceBiologyDepartment"/>
  <system-out/>
  <testcase name="MarineScienceBiologyWithLessThan45percentage" time="50.058" classname="com.PG.Tests.MarineScienceBiologyDepartment"/>
  <system-out/>
</testsuite> <!-- com.PG.Tests.MarineScienceBiologyDepartment -->
