<?xml version="1.0" encoding="UTF-8"?>
<!-- Generated by org.testng.reporters.JUnitReportReporter -->
<testsuite hostname="LAPTOP-9060GQE8" failures="0" tests="6" name="com.PG.Tests.AcceptanceofDuplicateIDs" time="66.261" errors="0" timestamp="2021-07-24T16:35:50 IST" skipped="0">
  <testcase classname="com.PG.Tests.AcceptanceofDuplicateIDs" name="LoggingIn" time="10.745"/>
  <system-out/>
  <testcase classname="com.PG.Tests.AcceptanceofDuplicateIDs" name="AcceptanceofDuplicateAadhaarNumber" time="11.790"/>
  <system-out/>
  <testcase classname="com.PG.Tests.AcceptanceofDuplicateIDs" name="AcceptanceofDuplicateVoterID" time="10.970"/>
  <system-out/>
  <testcase classname="com.PG.Tests.AcceptanceofDuplicateIDs" name="AcceptanceofDuplicateDrivingLicense" time="11.335"/>
  <system-out/>
  <testcase classname="com.PG.Tests.AcceptanceofDuplicateIDs" name="AcceptanceofDuplicatePAN" time="10.720"/>
  <system-out/>
  <testcase classname="com.PG.Tests.AcceptanceofDuplicateIDs" name="AcceptanceofDuplicatePassport" time="10.701"/>
  <system-out/>
</testsuite> <!-- com.PG.Tests.AcceptanceofDuplicateIDs -->
