<?xml version="1.0" encoding="UTF-8"?>
<!-- Generated by org.testng.reporters.JUnitReportReporter -->
<testsuite hostname="LAPTOP-9060GQE8" failures="0" tests="3" name="com.PG.Tests.Commerce" time="67.137" errors="0" timestamp="2021-07-24T16:35:50 IST" skipped="0">
  <testcase classname="com.PG.Tests.Commerce" name="LoggingIn" time="10.476"/>
  <system-out/>
  <testcase classname="com.PG.Tests.Commerce" name="CommerceWithAtleast45percentage" time="46.747"/>
  <system-out/>
  <testcase classname="com.PG.Tests.Commerce" name="CommerceWithLessThan45percentage" time="9.914"/>
  <system-out/>
</testsuite> <!-- com.PG.Tests.Commerce -->
