<?xml version="1.0" encoding="UTF-8"?>
<!-- Generated by org.testng.reporters.JUnitReportReporter -->
<testsuite hostname="LAPTOP-9060GQE8" failures="0" tests="3" name="com.PG.Tests.MCOMEntrepreneurship" time="68.178" errors="0" timestamp="2021-07-24T16:35:50 IST" skipped="0">
  <testcase classname="com.PG.Tests.MCOMEntrepreneurship" name="LoggingIn" time="10.778"/>
  <system-out/>
  <testcase classname="com.PG.Tests.MCOMEntrepreneurship" name="MCOMEntrepreneurshipWithAtleast45Percentage" time="48.899"/>
  <system-out/>
  <testcase classname="com.PG.Tests.MCOMEntrepreneurship" name="MCOMEntrepreneurshipWithLessThan45Percentage" time="8.501"/>
  <system-out/>
</testsuite> <!-- com.PG.Tests.MCOMEntrepreneurship -->
