<?xml version="1.0" encoding="UTF-8"?>
<!-- Generated by org.testng.reporters.JUnitReportReporter -->
<testsuite skipped="0" hostname="LAPTOP-O7SD66MO" name="com.PG.Tests.AcceptanceOfDuplicateExamCenter" tests="2" failures="0" timestamp="2020-10-05T16:22:14 IST" time="52.183" errors="0">
  <testcase name="LoggingIn" time="9.271" classname="com.PG.Tests.AcceptanceOfDuplicateExamCenter"/>
  <system-out/>
  <testcase name="VerifyTheAcceptanceOfDuplicateExamCenter" time="42.912" classname="com.PG.Tests.AcceptanceOfDuplicateExamCenter"/>
  <system-out/>
</testsuite> <!-- com.PG.Tests.AcceptanceOfDuplicateExamCenter -->
