<?xml version="1.0" encoding="UTF-8"?>
<!-- Generated by org.testng.reporters.JUnitReportReporter -->
<testsuite hostname="LAPTOP-9060GQE8" failures="0" tests="3" name="com.PG.Tests.MBARuralManagement" time="430.868" errors="0" timestamp="2021-07-24T16:35:50 IST" skipped="0">
  <testcase classname="com.PG.Tests.MBARuralManagement" name="LoggingIn" time="11.047"/>
  <system-out/>
  <testcase classname="com.PG.Tests.MBARuralManagement" name="RuralDevelopmentWithAtleast50Percentage" time="244.407"/>
  <system-out/>
  <testcase classname="com.PG.Tests.MBARuralManagement" name="RuralDevelopmentWithLessThan50Percentage" time="175.414"/>
  <system-out/>
</testsuite> <!-- com.PG.Tests.MBARuralManagement -->
