<?xml version="1.0" encoding="UTF-8"?>
<!-- Generated by org.testng.reporters.JUnitReportReporter -->
<testsuite skipped="0" hostname="LAPTOP-O7SD66MO" name="com.PG.Tests.Demotest" tests="1" failures="0" timestamp="2020-09-02T10:26:46 IST" time="12.378" errors="0">
  <testcase name="Login1" time="12.378" classname="com.PG.Tests.Demotest"/>
  <system-out/>
</testsuite> <!-- com.PG.Tests.Demotest -->
