<?xml version="1.0" encoding="UTF-8"?>
<!-- Generated by org.testng.reporters.JUnitReportReporter -->
<testsuite hostname="LAPTOP-9060GQE8" failures="0" tests="3" name="com.PG.Tests.AnalyticalChemistry" time="73.168" errors="0" timestamp="2021-07-24T16:35:50 IST" skipped="0">
  <testcase classname="com.PG.Tests.AnalyticalChemistry" name="LoggingIn" time="10.557"/>
  <system-out/>
  <testcase classname="com.PG.Tests.AnalyticalChemistry" name="AnalyticalChemistryWithAtleast45percentage" time="49.608"/>
  <system-out/>
  <testcase classname="com.PG.Tests.AnalyticalChemistry" name="AnalyticalChemistryWithLessThan45percentage" time="13.003"/>
  <system-out/>
</testsuite> <!-- com.PG.Tests.AnalyticalChemistry -->
