<?xml version="1.0" encoding="UTF-8"?>
<!-- Generated by org.testng.reporters.JUnitReportReporter -->
<testsuite hostname="LAPTOP-9060GQE8" failures="0" tests="3" name="com.PG.Tests.MBATourismAndTravelManagement" time="295.642" errors="0" timestamp="2021-06-29T19:38:36 IST" skipped="0">
  <testcase classname="com.PG.Tests.MBATourismAndTravelManagement" name="LoggingIn" time="10.236"/>
  <system-out/>
  <testcase classname="com.PG.Tests.MBATourismAndTravelManagement" name="MBATourismAndDevelopmentWithAtleast50Percentage" time="169.992"/>
  <system-out/>
  <testcase classname="com.PG.Tests.MBATourismAndTravelManagement" name="MBATourismAndDevelopmentWithLessThan50Percentage" time="115.414"/>
  <system-out/>
</testsuite> <!-- com.PG.Tests.MBATourismAndTravelManagement -->
