<?xml version="1.0" encoding="UTF-8"?>
<!-- Generated by org.testng.reporters.JUnitReportReporter -->
<testsuite skipped="0" hostname="LAPTOP-O7SD66MO" name="com.PG.Tests.BioInformaticsDepartment" tests="3" failures="0" timestamp="2020-11-13T13:05:30 IST" time="172.826" errors="0">
  <testcase name="LoggingIn" time="8.463" classname="com.PG.Tests.BioInformaticsDepartment"/>
  <system-out/>
  <testcase name="BioInformaticsWithAtleast50Percentage" time="106.280" classname="com.PG.Tests.BioInformaticsDepartment"/>
  <system-out/>
  <testcase name="BioInformaticsWithLessThan50Percentage" time="58.083" classname="com.PG.Tests.BioInformaticsDepartment"/>
  <system-out/>
</testsuite> <!-- com.PG.Tests.BioInformaticsDepartment -->
