<?xml version="1.0" encoding="UTF-8"?>
<!-- Generated by org.testng.reporters.JUnitReportReporter -->
<testsuite hostname="LAPTOP-9060GQE8" failures="0" tests="3" name="com.PG.Tests.AppliedPhysicsAndBallastics" time="72.553" errors="0" timestamp="2021-07-24T16:35:50 IST" skipped="0">
  <testcase classname="com.PG.Tests.AppliedPhysicsAndBallastics" name="LoggingIn" time="10.337"/>
  <system-out/>
  <testcase classname="com.PG.Tests.AppliedPhysicsAndBallastics" name="AppliedPhysicsAndBallasticsWithAtleast45percentage" time="49.253"/>
  <system-out/>
  <testcase classname="com.PG.Tests.AppliedPhysicsAndBallastics" name="AppliedPhysicsAndBallasticsWithLessThan45percentage" time="12.963"/>
  <system-out/>
</testsuite> <!-- com.PG.Tests.AppliedPhysicsAndBallastics -->
