<?xml version="1.0" encoding="UTF-8"?>
<!-- Generated by org.testng.reporters.JUnitReportReporter -->
<testsuite hostname="LAPTOP-9060GQE8" failures="0" tests="4" name="com.PG.Tests.BioChemistry" time="269.731" errors="0" timestamp="2021-07-24T16:35:50 IST" skipped="0">
  <testcase classname="com.PG.Tests.BioChemistry" name="LoggingIn" time="10.701"/>
  <system-out/>
  <testcase classname="com.PG.Tests.BioChemistry" name="BioChemistryWithAtleast50Percentage" time="132.607"/>
  <system-out/>
  <testcase classname="com.PG.Tests.BioChemistry" name="BioChemistryWithLessThan50Percentage" time="76.413"/>
  <system-out/>
  <testcase classname="com.PG.Tests.BioChemistry" name="NotEligibleCriteria" time="50.010"/>
  <system-out/>
</testsuite> <!-- com.PG.Tests.BioChemistry -->
