<?xml version="1.0" encoding="UTF-8"?>
<!-- Generated by org.testng.reporters.JUnitReportReporter -->
<testsuite hostname="LAPTOP-9060GQE8" failures="0" tests="3" name="com.PG.Tests.ElectronicsAndTelecommunication" time="210.629" errors="0" timestamp="2021-07-24T16:35:50 IST" skipped="0">
  <testcase classname="com.PG.Tests.ElectronicsAndTelecommunication" name="LoggingIn" time="10.260"/>
  <system-out/>
  <testcase classname="com.PG.Tests.ElectronicsAndTelecommunication" name="ElectronicsAndTelecomunicationWithAtleast50Percentage" time="121.103"/>
  <system-out/>
  <testcase classname="com.PG.Tests.ElectronicsAndTelecommunication" name="ElectronicsAndTelecomunicationWithLessThan50Percentage" time="79.266"/>
  <system-out/>
</testsuite> <!-- com.PG.Tests.ElectronicsAndTelecommunication -->
