<?xml version="1.0" encoding="UTF-8"?>
<!-- Generated by org.testng.reporters.JUnitReportReporter -->
<testsuite hostname="LAPTOP-9060GQE8" failures="0" tests="3" name="com.PG.Tests.EnvironmentalScience" time="228.098" errors="0" timestamp="2021-07-24T16:35:50 IST" skipped="0">
  <testcase classname="com.PG.Tests.EnvironmentalScience" name="LoggingIn" time="10.133"/>
  <system-out/>
  <testcase classname="com.PG.Tests.EnvironmentalScience" name="EnvironmentalScienceWithAtleast45Percentage" time="137.148"/>
  <system-out/>
  <testcase classname="com.PG.Tests.EnvironmentalScience" name="EnvironmentalScienceWithLessThan45Percentage" time="80.817"/>
  <system-out/>
</testsuite> <!-- com.PG.Tests.EnvironmentalScience -->
