<?xml version="1.0" encoding="UTF-8"?>
<!-- Generated by org.testng.reporters.JUnitReportReporter -->
<testsuite hostname="LAPTOP-9060GQE8" failures="0" tests="3" name="com.PG.Tests.HomeScience" time="99.972" errors="0" timestamp="2021-07-24T16:35:50 IST" skipped="0">
  <testcase classname="com.PG.Tests.HomeScience" name="LoggingIn" time="10.204"/>
  <system-out/>
  <testcase classname="com.PG.Tests.HomeScience" name="HomeScienceWithAtleast45percentage" time="63.501"/>
  <system-out/>
  <testcase classname="com.PG.Tests.HomeScience" name="HomeScienceWithLessThan45percentage" time="26.267"/>
  <system-out/>
</testsuite> <!-- com.PG.Tests.HomeScience -->
