<?xml version="1.0" encoding="UTF-8"?>
<!-- Generated by org.testng.reporters.JUnitReportReporter -->
<testsuite skipped="0" hostname="LAPTOP-O7SD66MO" name="com.PG.Tests.TestClass" tests="2" failures="0" timestamp="2020-09-04T10:42:40 IST" time="54.160" errors="0">
  <testcase name="allpFormClick" time="51.060" classname="com.PG.Tests.TestClass"/>
  <system-out/>
  <testcase name="click" time="3.100" classname="com.PG.Tests.TestClass"/>
  <system-out/>
</testsuite> <!-- com.PG.Tests.TestClass -->
