<?xml version="1.0" encoding="UTF-8"?>
<!-- Generated by org.testng.reporters.JUnitReportReporter -->
<testsuite hostname="CSMBHUD215" failures="0" tests="2" name="com.PG.Tests.PopulationOfCollegeForChemistry" time="249.008" errors="0" timestamp="2021-11-24T11:49:55 IST" skipped="0">
  <testcase classname="com.PG.Tests.PopulationOfCollegeForChemistry" name="LoggingIn" time="12.150"/>
  <system-out/>
  <testcase classname="com.PG.Tests.PopulationOfCollegeForChemistry" name="populationOfCollegeForEducationSubject" time="236.858"/>
  <system-out/>
</testsuite> <!-- com.PG.Tests.PopulationOfCollegeForChemistry -->
