<?xml version="1.0" encoding="UTF-8"?>
<!-- Generated by org.testng.reporters.JUnitReportReporter -->
<testsuite hostname="LAPTOP-9060GQE8" failures="0" tests="3" name="com.PG.Tests.English" time="69.672" errors="0" timestamp="2021-07-24T16:35:50 IST" skipped="0">
  <testcase classname="com.PG.Tests.English" name="LoggingIn" time="10.093"/>
  <system-out/>
  <testcase classname="com.PG.Tests.English" name="EnglishWithAtleast45percentage" time="47.944"/>
  <system-out/>
  <testcase classname="com.PG.Tests.English" name="EnglishWithLessThan45percentage" time="11.635"/>
  <system-out/>
</testsuite> <!-- com.PG.Tests.English -->
