<?xml version="1.0" encoding="UTF-8"?>
<!-- Generated by org.testng.reporters.JUnitReportReporter -->
<testsuite skipped="0" hostname="LAPTOP-O7SD66MO" name="com.PG.Tests.IndustrialChemistryDepartment" tests="3" failures="0" timestamp="2020-11-13T13:05:30 IST" time="75.369" errors="0">
  <testcase name="LoggingIn" time="8.565" classname="com.PG.Tests.IndustrialChemistryDepartment"/>
  <system-out/>
  <testcase name="IndustrialChemistryDepartmentWithAtleast45percentage" time="53.880" classname="com.PG.Tests.IndustrialChemistryDepartment"/>
  <system-out/>
  <testcase name="IndustrialChemistryDepartmentWithLessThan45percentage" time="12.924" classname="com.PG.Tests.IndustrialChemistryDepartment"/>
  <system-out/>
</testsuite> <!-- com.PG.Tests.IndustrialChemistryDepartment -->
