<?xml version="1.0" encoding="UTF-8"?>
<!-- Generated by org.testng.reporters.JUnitReportReporter -->
<testsuite hostname="LAPTOP-9060GQE8" failures="0" tests="2" name="com.PG.Tests.NonAcceptanceOfFemaleCollegePreference" time="58.021" errors="0" timestamp="2021-07-24T16:35:50 IST" skipped="0">
  <testcase classname="com.PG.Tests.NonAcceptanceOfFemaleCollegePreference" name="LoggingIn" time="10.289"/>
  <system-out/>
  <testcase classname="com.PG.Tests.NonAcceptanceOfFemaleCollegePreference" name="NonAcceptanceOfFemaleCollegePreferenceforMaleCandidate" time="47.732"/>
  <system-out/>
</testsuite> <!-- com.PG.Tests.NonAcceptanceOfFemaleCollegePreference -->
