<?xml version="1.0" encoding="UTF-8"?>
<!-- Generated by org.testng.reporters.JUnitReportReporter -->
<testsuite skipped="0" hostname="LAPTOP-O7SD66MO" name="com.PG.Tests.BotanyDepartment" tests="3" failures="0" timestamp="2020-11-16T10:46:11 IST" time="169.539" errors="0">
  <testcase name="LoggingIn" time="7.950" classname="com.PG.Tests.BotanyDepartment"/>
  <system-out/>
  <testcase name="BotanyWithAtleast45percentage" time="107.411" classname="com.PG.Tests.BotanyDepartment"/>
  <system-out/>
  <testcase name="BotanyWithLessThan45percentage" time="54.178" classname="com.PG.Tests.BotanyDepartment"/>
  <system-out/>
</testsuite> <!-- com.PG.Tests.BotanyDepartment -->
