<?xml version="1.0" encoding="UTF-8"?>
<!-- Generated by org.testng.reporters.JUnitReportReporter -->
<testsuite hostname="LAPTOP-9060GQE8" failures="0" tests="3" name="com.PG.Tests.WomenStudies" time="103.080" errors="0" timestamp="2021-07-24T16:35:50 IST" skipped="0">
  <testcase classname="com.PG.Tests.WomenStudies" name="LoggingIn" time="10.351"/>
  <system-out/>
  <testcase classname="com.PG.Tests.WomenStudies" name="WomenStudiesWithAtleast45Percentage" time="68.255"/>
  <system-out/>
  <testcase classname="com.PG.Tests.WomenStudies" name="WomenStudiesWithLessThan45Percentage" time="24.474"/>
  <system-out/>
</testsuite> <!-- com.PG.Tests.WomenStudies -->
