<?xml version="1.0" encoding="UTF-8"?>
<!-- Generated by org.testng.reporters.JUnitReportReporter -->
<testsuite hostname="LAPTOP-9060GQE8" failures="0" tests="4" name="com.PG.Tests.StasticsDepartment" time="413.724" errors="0" timestamp="2021-06-26T16:09:01 IST" skipped="0">
  <testcase classname="com.PG.Tests.StasticsDepartment" name="LoggingIn" time="10.968"/>
  <system-out/>
  <testcase classname="com.PG.Tests.StasticsDepartment" name="StasticsWithAtleast45percentage" time="179.971"/>
  <system-out/>
  <testcase classname="com.PG.Tests.StasticsDepartment" name="StasticsWithLessThan45percentage" time="128.952"/>
  <system-out/>
  <testcase classname="com.PG.Tests.StasticsDepartment" name="NotEligibleCriteria" time="93.833"/>
  <system-out/>
</testsuite> <!-- com.PG.Tests.StasticsDepartment -->
