<?xml version="1.0" encoding="UTF-8"?>
<!-- Generated by org.testng.reporters.JUnitReportReporter -->
<testsuite hostname="LAPTOP-9060GQE8" failures="0" tests="3" name="com.PG.Tests.NaturalResourceManagementandGeoInformatics" time="231.637" errors="0" timestamp="2021-06-29T19:38:36 IST" skipped="0">
  <testcase classname="com.PG.Tests.NaturalResourceManagementandGeoInformatics" name="LoggingIn" time="10.670"/>
  <system-out/>
  <testcase classname="com.PG.Tests.NaturalResourceManagementandGeoInformatics" name="NaturalResourceManagementGeoInformaticsWithAtleast45Percentage" time="130.535"/>
  <system-out/>
  <testcase classname="com.PG.Tests.NaturalResourceManagementandGeoInformatics" name="NaturalResourceManagementGeoInformaticsWithLessThan45Percentage" time="90.432"/>
  <system-out/>
</testsuite> <!-- com.PG.Tests.NaturalResourceManagementandGeoInformatics -->
