<?xml version="1.0" encoding="UTF-8"?>
<!-- Generated by org.testng.reporters.JUnitReportReporter -->
<testsuite skipped="0" hostname="LAPTOP-O7SD66MO" name="com.PG.Tests.EnvironmentalScienceDepartment" tests="3" failures="0" timestamp="2020-11-16T10:46:11 IST" time="349.775" errors="0">
  <testcase name="LoggingIn" time="7.942" classname="com.PG.Tests.EnvironmentalScienceDepartment"/>
  <system-out/>
  <testcase name="EnvironmentalScienceWithAtleast45Percentage" time="204.492" classname="com.PG.Tests.EnvironmentalScienceDepartment"/>
  <system-out/>
  <testcase name="EnvironmentalScienceWithLessThan45Percentage" time="137.341" classname="com.PG.Tests.EnvironmentalScienceDepartment"/>
  <system-out/>
</testsuite> <!-- com.PG.Tests.EnvironmentalScienceDepartment -->
