<?xml version="1.0" encoding="UTF-8"?>
<!-- Generated by org.testng.reporters.JUnitReportReporter -->
<testsuite hostname="LAPTOP-9060GQE8" failures="0" tests="3" name="com.PG.Tests.AnthropologyArts" time="156.178" errors="0" timestamp="2021-07-24T16:35:50 IST" skipped="0">
  <testcase classname="com.PG.Tests.AnthropologyArts" name="LoggingIn" time="10.562"/>
  <system-out/>
  <testcase classname="com.PG.Tests.AnthropologyArts" name="AnthropologyArtsWithAtleast45Percentage" time="95.087"/>
  <system-out/>
  <testcase classname="com.PG.Tests.AnthropologyArts" name="AnthropologyArtsWithLessThan45Percentage" time="50.529"/>
  <system-out/>
</testsuite> <!-- com.PG.Tests.AnthropologyArts -->
