<?xml version="1.0" encoding="UTF-8"?>
<!-- Generated by org.testng.reporters.JUnitReportReporter -->
<testsuite hostname="LAPTOP-9060GQE8" failures="0" tests="3" name="com.PG.Tests.LifeScienceZoology" time="98.600" errors="0" timestamp="2021-08-04T17:10:22 IST" skipped="0">
  <testcase classname="com.PG.Tests.LifeScienceZoology" name="LoggingIn" time="11.091"/>
  <system-out/>
  <testcase classname="com.PG.Tests.LifeScienceZoology" name="LifeScienceWithAtleast45percentage" time="63.935"/>
  <system-out/>
  <testcase classname="com.PG.Tests.LifeScienceZoology" name="LifeScienceWithLessThan45Percentage" time="23.574"/>
  <system-out/>
</testsuite> <!-- com.PG.Tests.LifeScienceZoology -->
