<?xml version="1.0" encoding="UTF-8"?>
<!-- Generated by org.testng.reporters.JUnitReportReporter -->
<testsuite skipped="0" hostname="LAPTOP-O7SD66MO" name="com.PG.Tests.MCOMEntrepreneurshipDepartment" tests="3" failures="0" timestamp="2020-11-13T13:05:30 IST" time="68.741" errors="0">
  <testcase name="LoggingIn" time="9.279" classname="com.PG.Tests.MCOMEntrepreneurshipDepartment"/>
  <system-out/>
  <testcase name="MCOMEntrepreneurshipWithAtleast45Percentage" time="51.054" classname="com.PG.Tests.MCOMEntrepreneurshipDepartment"/>
  <system-out/>
  <testcase name="MCOMEntrepreneurshipWithLessThan45Percentage" time="8.408" classname="com.PG.Tests.MCOMEntrepreneurshipDepartment"/>
  <system-out/>
</testsuite> <!-- com.PG.Tests.MCOMEntrepreneurshipDepartment -->
