<?xml version="1.0" encoding="UTF-8"?>
<!-- Generated by org.testng.reporters.JUnitReportReporter -->
<testsuite hostname="LAPTOP-9060GQE8" failures="0" tests="3" name="com.PG.Tests.MCADepartment" time="130.025" errors="0" timestamp="2021-06-25T18:05:47 IST" skipped="0">
  <testcase classname="com.PG.Tests.MCADepartment" name="LoggingIn" time="10.455"/>
  <system-out/>
  <testcase classname="com.PG.Tests.MCADepartment" name="MCAWithAtleast45Percentage" time="80.407"/>
  <system-out/>
  <testcase classname="com.PG.Tests.MCADepartment" name="MCAWithLessThan45Percentage" time="39.163"/>
  <system-out/>
</testsuite> <!-- com.PG.Tests.MCADepartment -->
