<?xml version="1.0" encoding="UTF-8"?>
<!-- Generated by org.testng.reporters.JUnitReportReporter -->
<testsuite skipped="0" hostname="LAPTOP-O7SD66MO" name="com.PG.Tests.AnalyticalChemistryDepartment" tests="3" failures="0" timestamp="2020-11-11T18:26:10 IST" time="83.205" errors="0">
  <testcase name="LoggingIn" time="8.796" classname="com.PG.Tests.AnalyticalChemistryDepartment"/>
  <system-out/>
  <testcase name="AnalyticalChemistryWithAtleast45percentage" time="59.953" classname="com.PG.Tests.AnalyticalChemistryDepartment"/>
  <system-out/>
  <testcase name="AnalyticalChemistryWithLessThan45percentage" time="14.456" classname="com.PG.Tests.AnalyticalChemistryDepartment"/>
  <system-out/>
</testsuite> <!-- com.PG.Tests.AnalyticalChemistryDepartment -->
