<?xml version="1.0" encoding="UTF-8"?>
<!-- Generated by org.testng.reporters.JUnitReportReporter -->
<testsuite hostname="LAPTOP-9060GQE8" failures="0" tests="3" name="com.PG.Tests.MaterialScience" time="136.506" errors="0" timestamp="2021-07-24T16:35:50 IST" skipped="0">
  <testcase classname="com.PG.Tests.MaterialScience" name="LoggingIn" time="10.326"/>
  <system-out/>
  <testcase classname="com.PG.Tests.MaterialScience" name="MaterialScienceWithAtleast50Percentage" time="84.455"/>
  <system-out/>
  <testcase classname="com.PG.Tests.MaterialScience" name="MaterialScienceWithLessThan50Percentage" time="41.725"/>
  <system-out/>
</testsuite> <!-- com.PG.Tests.MaterialScience -->
