<?xml version="1.0" encoding="UTF-8"?>
<!-- Generated by org.testng.reporters.JUnitReportReporter -->
<testsuite skipped="0" hostname="LAPTOP-O7SD66MO" name="com.PG.Tests.MarineScienceOceanographyDepartment" tests="3" failures="0" timestamp="2020-11-13T13:05:30 IST" time="199.359" errors="0">
  <testcase name="LoggingIn" time="9.040" classname="com.PG.Tests.MarineScienceOceanographyDepartment"/>
  <system-out/>
  <testcase name="MarineScienceOceanographyWithAtleast45Percentage" time="119.913" classname="com.PG.Tests.MarineScienceOceanographyDepartment"/>
  <system-out/>
  <testcase name="MarineScienceOceanographyWithLessThan45Percentage" time="70.406" classname="com.PG.Tests.MarineScienceOceanographyDepartment"/>
  <system-out/>
</testsuite> <!-- com.PG.Tests.MarineScienceOceanographyDepartment -->
