<?xml version="1.0" encoding="UTF-8"?>
<!-- Generated by org.testng.reporters.JUnitReportReporter -->
<testsuite skipped="0" hostname="LAPTOP-O7SD66MO" name="com.PG.Tests.BioTechnologyDepartmentEligibility" tests="4" failures="0" timestamp="2020-10-01T13:00:47 IST" time="97.011" errors="0">
  <testcase name="LoggingIn" time="8.795" classname="com.PG.Tests.BioTechnologyDepartmentEligibility"/>
  <system-out/>
  <testcase name="BiotechnologyWith50Percentage" time="50.552" classname="com.PG.Tests.BioTechnologyDepartmentEligibility"/>
  <system-out/>
  <testcase name="BiotechnologyWithLessThan50percentage" time="26.531" classname="com.PG.Tests.BioTechnologyDepartmentEligibility"/>
  <system-out/>
  <testcase name="ApplyingForBioTechnologyByOtherGraduates" time="11.133" classname="com.PG.Tests.BioTechnologyDepartmentEligibility"/>
  <system-out/>
</testsuite> <!-- com.PG.Tests.BioTechnologyDepartmentEligibility -->
