<?xml version="1.0" encoding="UTF-8"?>
<!-- Generated by org.testng.reporters.JUnitReportReporter -->
<testsuite hostname="LAPTOP-9060GQE8" failures="0" tests="3" name="com.PG.Tests.Zoology" time="82.357" errors="0" timestamp="2021-07-24T16:35:50 IST" skipped="0">
  <testcase classname="com.PG.Tests.Zoology" name="LoggingIn" time="10.730"/>
  <system-out/>
  <testcase classname="com.PG.Tests.Zoology" name="ZoologyWithAtleast45Percentage" time="55.889"/>
  <system-out/>
  <testcase classname="com.PG.Tests.Zoology" name="ZoologyDepartmentWithLessThan45Percentage" time="15.738"/>
  <system-out/>
</testsuite> <!-- com.PG.Tests.Zoology -->
