<?xml version="1.0" encoding="UTF-8"?>
<!-- Generated by org.testng.reporters.JUnitReportReporter -->
<testsuite hostname="LAPTOP-9060GQE8" failures="0" tests="2" name="com.PG.Tests.AcceptanceofDuplicateRollNo" time="22.697" errors="0" timestamp="2021-07-24T16:35:50 IST" skipped="0">
  <testcase classname="com.PG.Tests.AcceptanceofDuplicateRollNo" name="LoggingIn" time="10.578"/>
  <system-out/>
  <testcase classname="com.PG.Tests.AcceptanceofDuplicateRollNo" name="SubmittingCAFWithDuplicate10thRollNumber" time="12.119"/>
  <system-out/>
</testsuite> <!-- com.PG.Tests.AcceptanceofDuplicateRollNo -->
