<?xml version="1.0" encoding="UTF-8"?>
<!-- Generated by org.testng.reporters.JUnitReportReporter -->
<testsuite skipped="0" hostname="LAPTOP-O7SD66MO" name="com.PG.Tests.EducationDepartment" tests="3" failures="0" timestamp="2020-11-13T13:05:30 IST" time="75.635" errors="0">
  <testcase name="LoggingIn" time="10.266" classname="com.PG.Tests.EducationDepartment"/>
  <system-out/>
  <testcase name="EducationWithAtleast45percentage" time="53.645" classname="com.PG.Tests.EducationDepartment"/>
  <system-out/>
  <testcase name="EducationWithLessThan45percentage" time="11.724" classname="com.PG.Tests.EducationDepartment"/>
  <system-out/>
</testsuite> <!-- com.PG.Tests.EducationDepartment -->
