<?xml version="1.0" encoding="UTF-8"?>
<!-- Generated by org.testng.reporters.JUnitReportReporter -->
<testsuite hostname="LAPTOP-9060GQE8" failures="0" tests="3" name="com.PG.Tests.LifeScience" time="98.061" errors="0" timestamp="2021-08-04T16:54:44 IST" skipped="0">
  <testcase classname="com.PG.Tests.LifeScience" name="LoggingIn" time="11.104"/>
  <system-out/>
  <testcase classname="com.PG.Tests.LifeScience" name="LifeScienceWithAtleast45percentage" time="63.446"/>
  <system-out/>
  <testcase classname="com.PG.Tests.LifeScience" name="LifeScienceWithLessThan45Percentage" time="23.511"/>
  <system-out/>
</testsuite> <!-- com.PG.Tests.LifeScience -->
