<?xml version="1.0" encoding="UTF-8"?>
<!-- Generated by org.testng.reporters.JUnitReportReporter -->
<testsuite skipped="0" hostname="LAPTOP-O7SD66MO" name="com.PG.Tests.MSWDepartment" tests="3" failures="0" timestamp="2020-11-13T13:05:30 IST" time="147.525" errors="0">
  <testcase name="LoggingIn" time="10.677" classname="com.PG.Tests.MSWDepartment"/>
  <system-out/>
  <testcase name="MSWWithAtleast45Percentage" time="91.327" classname="com.PG.Tests.MSWDepartment"/>
  <system-out/>
  <testcase name="MSWWithLessThan45Percentage" time="45.521" classname="com.PG.Tests.MSWDepartment"/>
  <system-out/>
</testsuite> <!-- com.PG.Tests.MSWDepartment -->
