<?xml version="1.0" encoding="UTF-8"?>
<!-- Generated by org.testng.reporters.JUnitReportReporter -->
<testsuite skipped="0" hostname="LAPTOP-O7SD66MO" name="com.PG.Tests.EconomicsDepartment" tests="3" failures="0" timestamp="2020-11-13T13:05:30 IST" time="71.634" errors="0">
  <testcase name="LoggingIn" time="10.100" classname="com.PG.Tests.EconomicsDepartment"/>
  <system-out/>
  <testcase name="EconomicsWith45Percentage" time="50.704" classname="com.PG.Tests.EconomicsDepartment"/>
  <system-out/>
  <testcase name="EconomicsWithLessThan45Percentage" time="10.830" classname="com.PG.Tests.EconomicsDepartment"/>
  <system-out/>
</testsuite> <!-- com.PG.Tests.EconomicsDepartment -->
