<?xml version="1.0" encoding="UTF-8"?>
<!-- Generated by org.testng.reporters.JUnitReportReporter -->
<testsuite hostname="LAPTOP-9060GQE8" failures="0" tests="3" name="com.PG.Tests.AppliedChemistry" time="72.022" errors="0" timestamp="2021-07-24T16:35:50 IST" skipped="0">
  <testcase classname="com.PG.Tests.AppliedChemistry" name="LoggingIn" time="10.208"/>
  <system-out/>
  <testcase classname="com.PG.Tests.AppliedChemistry" name="AppliedChemistryWithAtleast45percentage" time="48.850"/>
  <system-out/>
  <testcase classname="com.PG.Tests.AppliedChemistry" name="AppliedChemistryWithLessThan45percentage" time="12.964"/>
  <system-out/>
</testsuite> <!-- com.PG.Tests.AppliedChemistry -->
