<?xml version="1.0" encoding="UTF-8"?>
<!-- Generated by org.testng.reporters.JUnitReportReporter -->
<testsuite hostname="LAPTOP-9060GQE8" failures="0" tests="3" name="com.PG.Tests.ElectronicsScience" time="176.269" errors="0" timestamp="2021-07-24T16:35:50 IST" skipped="0">
  <testcase classname="com.PG.Tests.ElectronicsScience" name="LoggingIn" time="10.159"/>
  <system-out/>
  <testcase classname="com.PG.Tests.ElectronicsScience" name="ElectronicsScienceWithAtleast45Percentage" time="104.519"/>
  <system-out/>
  <testcase classname="com.PG.Tests.ElectronicsScience" name="ElectronicsScienceWithLessThan45Percentage" time="61.591"/>
  <system-out/>
</testsuite> <!-- com.PG.Tests.ElectronicsScience -->
