<?xml version="1.0" encoding="UTF-8"?>
<!-- Generated by org.testng.reporters.JUnitReportReporter -->
<testsuite hostname="LAPTOP-9060GQE8" failures="0" tests="3" name="com.PG.Tests.ApplyingCAFWithDifferentBoards" time="34.934" errors="0" timestamp="2021-07-24T16:35:50 IST" skipped="0">
  <testcase classname="com.PG.Tests.ApplyingCAFWithDifferentBoards" name="LoggingIn" time="10.473"/>
  <system-out/>
  <testcase classname="com.PG.Tests.ApplyingCAFWithDifferentBoards" name="SubmissionCAFWithOdishaBoard" time="13.109"/>
  <system-out/>
  <testcase classname="com.PG.Tests.ApplyingCAFWithDifferentBoards" name="SubmissionCAFWithNonOdishaBoard" time="11.352"/>
  <system-out/>
</testsuite> <!-- com.PG.Tests.ApplyingCAFWithDifferentBoards -->
