<?xml version="1.0" encoding="UTF-8"?>
<!-- Generated by org.testng.reporters.JUnitReportReporter -->
<testsuite hostname="LAPTOP-9060GQE8" failures="0" tests="3" name="com.PG.Tests.IRPMorPMIR" time="420.912" errors="0" timestamp="2021-07-24T16:35:50 IST" skipped="0">
  <testcase classname="com.PG.Tests.IRPMorPMIR" name="LoggingIn" time="10.635"/>
  <system-out/>
  <testcase classname="com.PG.Tests.IRPMorPMIR" name="PMIRWithAtleast45percentage" time="231.184"/>
  <system-out/>
  <testcase classname="com.PG.Tests.IRPMorPMIR" name="PMIRWithLessThan45percentage" time="179.093"/>
  <system-out/>
</testsuite> <!-- com.PG.Tests.IRPMorPMIR -->
