<?xml version="1.0" encoding="UTF-8"?>
<!-- Generated by org.testng.reporters.JUnitReportReporter -->
<testsuite skipped="0" hostname="LAPTOP-O7SD66MO" name="com.PG.Tests.AppliedPhysicsAndBallasticsDepartment" tests="3" failures="0" timestamp="2020-11-13T13:05:30 IST" time="82.608" errors="0">
  <testcase name="LoggingIn" time="9.535" classname="com.PG.Tests.AppliedPhysicsAndBallasticsDepartment"/>
  <system-out/>
  <testcase name="AppliedPhysicsAndBallasticsWithAtleast45percentage" time="57.846" classname="com.PG.Tests.AppliedPhysicsAndBallasticsDepartment"/>
  <system-out/>
  <testcase name="AppliedPhysicsAndBallasticsWithLessThan45percentage" time="15.227" classname="com.PG.Tests.AppliedPhysicsAndBallasticsDepartment"/>
  <system-out/>
</testsuite> <!-- com.PG.Tests.AppliedPhysicsAndBallasticsDepartment -->
