<?xml version="1.0" encoding="UTF-8"?>
<!-- Generated by org.testng.reporters.JUnitReportReporter -->
<testsuite skipped="0" hostname="LAPTOP-O7SD66MO" name="com.PG.Tests.LibraryScienceDepartment" tests="3" failures="0" timestamp="2020-11-13T13:05:30 IST" time="103.467" errors="0">
  <testcase name="LoggingIn" time="39.392" classname="com.PG.Tests.LibraryScienceDepartment"/>
  <system-out/>
  <testcase name="LibraryScienceWithAtleast45percentage" time="52.746" classname="com.PG.Tests.LibraryScienceDepartment"/>
  <system-out/>
  <testcase name="LibraryScienceWithLessThan45percentage" time="11.329" classname="com.PG.Tests.LibraryScienceDepartment"/>
  <system-out/>
</testsuite> <!-- com.PG.Tests.LibraryScienceDepartment -->
