<?xml version="1.0" encoding="UTF-8"?>
<!-- Generated by org.testng.reporters.JUnitReportReporter -->
<testsuite hostname="LAPTOP-9060GQE8" failures="0" tests="3" name="com.PG.Tests.PublicAdministrationDepartment" time="303.416" errors="0" timestamp="2021-06-25T15:17:31 IST" skipped="0">
  <testcase classname="com.PG.Tests.PublicAdministrationDepartment" name="LoggingIn" time="11.364"/>
  <system-out/>
  <testcase classname="com.PG.Tests.PublicAdministrationDepartment" name="PublicAdministrationWithAtleast45percentage" time="169.873"/>
  <system-out/>
  <testcase classname="com.PG.Tests.PublicAdministrationDepartment" name="PublicAdministrationWithLessThan45percentage" time="122.179"/>
  <system-out/>
</testsuite> <!-- com.PG.Tests.PublicAdministrationDepartment -->
