<?xml version="1.0" encoding="UTF-8"?>
<!-- Generated by org.testng.reporters.JUnitReportReporter -->
<testsuite skipped="0" hostname="LAPTOP-O7SD66MO" name="com.PG.Tests.LLMHumanRightsDepartment" tests="3" failures="0" timestamp="2020-11-13T13:05:30 IST" time="78.697" errors="0">
  <testcase name="LoggingIn" time="9.275" classname="com.PG.Tests.LLMHumanRightsDepartment"/>
  <system-out/>
  <testcase name="LLMHumanRightsWithAtleast50Percentage" time="56.158" classname="com.PG.Tests.LLMHumanRightsDepartment"/>
  <system-out/>
  <testcase name="LLMHumanRightsWithLessThan50Percentage" time="13.264" classname="com.PG.Tests.LLMHumanRightsDepartment"/>
  <system-out/>
</testsuite> <!-- com.PG.Tests.LLMHumanRightsDepartment -->
