<?xml version="1.0" encoding="UTF-8"?>
<!-- Generated by org.testng.reporters.JUnitReportReporter -->
<testsuite hostname="LAPTOP-9060GQE8" failures="0" tests="4" name="com.PG.Tests.LibraryAndInformationScience" time="452.601" errors="0" timestamp="2021-07-24T16:35:50 IST" skipped="0">
  <testcase classname="com.PG.Tests.LibraryAndInformationScience" name="LoggingIn" time="10.550"/>
  <system-out/>
  <testcase classname="com.PG.Tests.LibraryAndInformationScience" name="LibraryAndInformationScienceWithAtleast45percentage" time="248.557"/>
  <system-out/>
  <testcase classname="com.PG.Tests.LibraryAndInformationScience" name="LibraryAndInformationScienceWithLessThan45percentage" time="18.804"/>
  <system-out/>
  <testcase classname="com.PG.Tests.LibraryAndInformationScience" name="LibraryAndInformationScienceAnyGraduateWithLessThan50percentage" time="174.690"/>
  <system-out/>
</testsuite> <!-- com.PG.Tests.LibraryAndInformationScience -->
