<?xml version="1.0" encoding="UTF-8"?>
<!-- Generated by org.testng.reporters.JUnitReportReporter -->
<testsuite skipped="0" hostname="LAPTOP-O7SD66MO" name="com.PG.Tests.EnvironmentalEconomicsDepartment" tests="3" failures="0" timestamp="2020-11-13T13:05:30 IST" time="301.173" errors="0">
  <testcase name="LoggingIn" time="8.792" classname="com.PG.Tests.EnvironmentalEconomicsDepartment"/>
  <system-out/>
  <testcase name="EnvironMentalEconomicsWithAtleast45Percentage" time="167.881" classname="com.PG.Tests.EnvironmentalEconomicsDepartment"/>
  <system-out/>
  <testcase name="EnvironMentalEconomicsWithLessThan45Percentage" time="124.500" classname="com.PG.Tests.EnvironmentalEconomicsDepartment"/>
  <system-out/>
</testsuite> <!-- com.PG.Tests.EnvironmentalEconomicsDepartment -->
