<?xml version="1.0" encoding="UTF-8"?>
<!-- Generated by org.testng.reporters.JUnitReportReporter -->
<testsuite hostname="LAPTOP-9060GQE8" failures="0" tests="6" name="com.PG.Tests.CGPAComparision" time="86.380" errors="0" timestamp="2021-07-24T16:35:50 IST" skipped="0">
  <testcase classname="com.PG.Tests.CGPAComparision" name="LoggingIn" time="10.151"/>
  <system-out/>
  <testcase classname="com.PG.Tests.CGPAComparision" name="TenthObtainedCGPAMarkShouldNotBeGreaterThanMaximumMark" time="31.119"/>
  <system-out/>
  <testcase classname="com.PG.Tests.CGPAComparision" name="TwelthObtainedCGPAShouldNotBeGreaterThanMaxCGPA" time="7.012"/>
  <system-out/>
  <testcase classname="com.PG.Tests.CGPAComparision" name="GraduateObtainedCGPAShouldNotBeGreaterThanMaxCGPA" time="9.500"/>
  <system-out/>
  <testcase classname="com.PG.Tests.CGPAComparision" name="ObtainedCGPAShouldBeLessThanMaxCGPA" time="14.422"/>
  <system-out/>
  <testcase classname="com.PG.Tests.CGPAComparision" name="ObtainedCGPAIsEqualToMaxCGPA" time="14.176"/>
  <system-out/>
</testsuite> <!-- com.PG.Tests.CGPAComparision -->
