<?xml version="1.0" encoding="UTF-8"?>
<!-- Generated by org.testng.reporters.JUnitReportReporter -->
<testsuite skipped="0" hostname="LAPTOP-O7SD66MO" name="com.PG.Tests.MathmaticsDepartment" tests="3" failures="0" timestamp="2020-11-13T13:05:30 IST" time="87.097" errors="0">
  <testcase name="LoggingIn" time="8.350" classname="com.PG.Tests.MathmaticsDepartment"/>
  <system-out/>
  <testcase name="MathmaticsWithAtleast45percentage" time="59.484" classname="com.PG.Tests.MathmaticsDepartment"/>
  <system-out/>
  <testcase name="MathWithLessThan45percentage" time="19.263" classname="com.PG.Tests.MathmaticsDepartment"/>
  <system-out/>
</testsuite> <!-- com.PG.Tests.MathmaticsDepartment -->
