<?xml version="1.0" encoding="UTF-8"?>
<!-- Generated by org.testng.reporters.JUnitReportReporter -->
<testsuite skipped="0" hostname="LAPTOP-O7SD66MO" name="com.PG.Tests.BusinessEconomicsDepartment" tests="3" failures="0" timestamp="2020-11-13T13:05:30 IST" time="320.825" errors="0">
  <testcase name="LoggingIn" time="9.416" classname="com.PG.Tests.BusinessEconomicsDepartment"/>
  <system-out/>
  <testcase name="BusinessEconomicsWithAtleast50Percentage" time="182.679" classname="com.PG.Tests.BusinessEconomicsDepartment"/>
  <system-out/>
  <testcase name="BusinessEconomicsWithLessThan50Percentage" time="128.730" classname="com.PG.Tests.BusinessEconomicsDepartment"/>
  <system-out/>
</testsuite> <!-- com.PG.Tests.BusinessEconomicsDepartment -->
