<?xml version="1.0" encoding="UTF-8"?>
<!-- Generated by org.testng.reporters.JUnitReportReporter -->
<testsuite skipped="0" hostname="LAPTOP-O7SD66MO" name="com.PG.Tests.VerifyCAFDiffernetExamType" tests="3" failures="0" timestamp="2020-09-24T14:02:08 IST" time="66.654" errors="0">
  <testcase name="LoggingIn" time="39.617" classname="com.PG.Tests.VerifyCAFDiffernetExamType"/>
  <system-out/>
  <testcase name="VerifySubmissionCAFOfAnnualExam" time="15.218" classname="com.PG.Tests.VerifyCAFDiffernetExamType"/>
  <system-out/>
  <testcase name="VerifySubmissionCAFOfSupplementaryExam" time="11.819" classname="com.PG.Tests.VerifyCAFDiffernetExamType"/>
  <system-out/>
</testsuite> <!-- com.PG.Tests.VerifyCAFDiffernetExamType -->
