<?xml version="1.0" encoding="UTF-8"?>
<!-- Generated by org.testng.reporters.JUnitReportReporter -->
<testsuite skipped="0" hostname="LAPTOP-O7SD66MO" name="com.PG.Tests.SociologyDepartment" tests="3" failures="0" timestamp="2020-11-11T18:26:10 IST" time="166.064" errors="0">
  <testcase name="LoggingIn" time="8.280" classname="com.PG.Tests.SociologyDepartment"/>
  <system-out/>
  <testcase name="SociologyWithAtleast45Percentage" time="101.842" classname="com.PG.Tests.SociologyDepartment"/>
  <system-out/>
  <testcase name="SociologyWithLessThan45Percentage" time="55.942" classname="com.PG.Tests.SociologyDepartment"/>
  <system-out/>
</testsuite> <!-- com.PG.Tests.SociologyDepartment -->
