<?xml version="1.0" encoding="UTF-8"?>
<!-- Generated by org.testng.reporters.JUnitReportReporter -->
<testsuite hostname="LAPTOP-9060GQE8" failures="0" tests="3" name="com.PG.Tests.PhilosophyDepartment" time="303.134" errors="0" timestamp="2021-06-25T16:11:06 IST" skipped="0">
  <testcase classname="com.PG.Tests.PhilosophyDepartment" name="LoggingIn" time="11.624"/>
  <system-out/>
  <testcase classname="com.PG.Tests.PhilosophyDepartment" name="PhilosophyWithAtleast45percentage" time="169.397"/>
  <system-out/>
  <testcase classname="com.PG.Tests.PhilosophyDepartment" name="PhilosophyWithLessThan45percentage" time="122.113"/>
  <system-out/>
</testsuite> <!-- com.PG.Tests.PhilosophyDepartment -->
