<?xml version="1.0" encoding="UTF-8"?>
<!-- Generated by org.testng.reporters.JUnitReportReporter -->
<testsuite hostname="LAPTOP-9060GQE8" failures="0" tests="4" name="com.PG.Tests.AggregatePercentageGraduate" time="90.025" errors="0" timestamp="2021-07-24T16:35:50 IST" skipped="0">
  <testcase classname="com.PG.Tests.AggregatePercentageGraduate" name="LoggingIn" time="10.402"/>
  <system-out/>
  <testcase classname="com.PG.Tests.AggregatePercentageGraduate" name="LessThan33PercentageofGraduate" time="42.137"/>
  <system-out/>
  <testcase classname="com.PG.Tests.AggregatePercentageGraduate" name="Equalto45OnGraduatePercentage" time="18.609"/>
  <system-out/>
  <testcase classname="com.PG.Tests.AggregatePercentageGraduate" name="Morethan45PercentageOnGraduate" time="18.877"/>
  <system-out/>
</testsuite> <!-- com.PG.Tests.AggregatePercentageGraduate -->
