<?xml version="1.0" encoding="UTF-8"?>
<!-- Generated by org.testng.reporters.JUnitReportReporter -->
<testsuite hostname="CSMBHUD215" failures="0" tests="2" name="com.PG.Tests.PopulationOfCollegeForOdia" time="459.377" errors="0" timestamp="2021-11-23T17:55:21 IST" skipped="0">
  <testcase classname="com.PG.Tests.PopulationOfCollegeForOdia" name="LoggingIn" time="12.048"/>
  <system-out/>
  <testcase classname="com.PG.Tests.PopulationOfCollegeForOdia" name="populationOfCollegeForEducationSubject" time="447.329"/>
  <system-out/>
</testsuite> <!-- com.PG.Tests.PopulationOfCollegeForOdia -->
