<?xml version="1.0" encoding="UTF-8"?>
<!-- Generated by org.testng.reporters.JUnitReportReporter -->
<testsuite skipped="0" hostname="LAPTOP-O7SD66MO" name="com.PG.Tests.SanskritDepartment" tests="3" failures="0" timestamp="2020-11-11T18:26:10 IST" time="81.630" errors="0">
  <testcase name="LoggingIn" time="8.272" classname="com.PG.Tests.SanskritDepartment"/>
  <system-out/>
  <testcase name="SanskritWithAtleast45percentage" time="55.630" classname="com.PG.Tests.SanskritDepartment"/>
  <system-out/>
  <testcase name="SanskritWithLessThan45percentage" time="17.728" classname="com.PG.Tests.SanskritDepartment"/>
  <system-out/>
</testsuite> <!-- com.PG.Tests.SanskritDepartment -->
