<?xml version="1.0" encoding="UTF-8"?>
<!-- Generated by org.testng.reporters.JUnitReportReporter -->
<testsuite hostname="LAPTOP-9060GQE8" failures="0" tests="3" name="com.PG.Tests.YearofPassingValidations" time="53.277" errors="0" timestamp="2021-07-24T16:35:50 IST" skipped="0">
  <testcase classname="com.PG.Tests.YearofPassingValidations" name="LoggingIn" time="10.252"/>
  <system-out/>
  <testcase classname="com.PG.Tests.YearofPassingValidations" name="YOPComparisonBetween10th_12th" time="33.002"/>
  <system-out/>
  <testcase classname="com.PG.Tests.YearofPassingValidations" name="YOPComparisonBetween12th_Graduation" time="10.023"/>
  <system-out/>
</testsuite> <!-- com.PG.Tests.YearofPassingValidations -->
