<?xml version="1.0" encoding="UTF-8"?>
<!-- Generated by org.testng.reporters.JUnitReportReporter -->
<testsuite hostname="LAPTOP-9060GQE8" failures="0" tests="2" name="com.PG.Tests.FunctionalityofSameSubjectsInCoreAndElective" time="56.714" errors="0" timestamp="2021-07-24T16:35:50 IST" skipped="0">
  <testcase classname="com.PG.Tests.FunctionalityofSameSubjectsInCoreAndElective" name="LoggingIn" time="10.386"/>
  <system-out/>
  <testcase classname="com.PG.Tests.FunctionalityofSameSubjectsInCoreAndElective" name="SameSubjectsInCoreAndElective" time="46.328"/>
  <system-out/>
</testsuite> <!-- com.PG.Tests.FunctionalityofSameSubjectsInCoreAndElective -->
