<?xml version="1.0" encoding="UTF-8"?>
<!-- Generated by org.testng.reporters.JUnitReportReporter -->
<testsuite skipped="0" hostname="LAPTOP-O7SD66MO" name="com.PG.Tests.HomeScienceDepartment" tests="3" failures="0" timestamp="2020-11-16T10:46:11 IST" time="99.984" errors="0">
  <testcase name="LoggingIn" time="8.443" classname="com.PG.Tests.HomeScienceDepartment"/>
  <system-out/>
  <testcase name="HomeScienceWithAtleast45percentage" time="65.071" classname="com.PG.Tests.HomeScienceDepartment"/>
  <system-out/>
  <testcase name="HomeScienceWithLessThan45percentage" time="26.470" classname="com.PG.Tests.HomeScienceDepartment"/>
  <system-out/>
</testsuite> <!-- com.PG.Tests.HomeScienceDepartment -->
