<?xml version="1.0" encoding="UTF-8"?>
<!-- Generated by org.testng.reporters.JUnitReportReporter -->
<testsuite hostname="LAPTOP-9060GQE8" failures="0" tests="2" name="com.PG.Tests.SingleSubject" time="61.324" errors="0" timestamp="2021-07-24T16:35:50 IST" skipped="0">
  <testcase classname="com.PG.Tests.SingleSubject" name="LoggingIn" time="10.998"/>
  <system-out/>
  <testcase classname="com.PG.Tests.SingleSubject" name="VerifySingleSubject" time="50.326"/>
  <system-out/>
</testsuite> <!-- com.PG.Tests.SingleSubject -->
