<?xml version="1.0" encoding="UTF-8"?>
<!-- Generated by org.testng.reporters.JUnitReportReporter -->
<testsuite hostname="LAPTOP-9060GQE8" failures="0" tests="4" name="com.PG.Tests.Stastics" time="685.251" errors="0" timestamp="2021-07-24T16:35:50 IST" skipped="0">
  <testcase classname="com.PG.Tests.Stastics" name="LoggingIn" time="11.257"/>
  <system-out/>
  <testcase classname="com.PG.Tests.Stastics" name="StasticsWithAtleast45percentage" time="258.350"/>
  <system-out/>
  <testcase classname="com.PG.Tests.Stastics" name="StasticsWithLessThan45percentage" time="240.517"/>
  <system-out/>
  <testcase classname="com.PG.Tests.Stastics" name="NotEligibleCriteria" time="175.127"/>
  <system-out/>
</testsuite> <!-- com.PG.Tests.Stastics -->
