<?xml version="1.0" encoding="UTF-8"?>
<!-- Generated by org.testng.reporters.JUnitReportReporter -->
<testsuite skipped="0" hostname="LAPTOP-O7SD66MO" name="com.PG.Tests.EconomicsDepartmentEligibility" tests="3" failures="0" timestamp="2020-10-01T11:00:10 IST" time="61.123" errors="0">
  <testcase name="LoggingIn" time="9.035" classname="com.PG.Tests.EconomicsDepartmentEligibility"/>
  <system-out/>
  <testcase name="EconomicsWith45Percentage" time="39.662" classname="com.PG.Tests.EconomicsDepartmentEligibility"/>
  <system-out/>
  <testcase name="EconomicsWithLessThan45Percentage" time="12.426" classname="com.PG.Tests.EconomicsDepartmentEligibility"/>
  <system-out/>
</testsuite> <!-- com.PG.Tests.EconomicsDepartmentEligibility -->
