<?xml version="1.0" encoding="UTF-8"?>
<!-- Generated by org.testng.reporters.JUnitReportReporter -->
<testsuite skipped="0" hostname="LAPTOP-O7SD66MO" name="com.PG.Tests.HistoryDepartment" tests="3" failures="0" timestamp="2020-11-13T13:05:30 IST" time="110.226" errors="0">
  <testcase name="LoggingIn" time="9.292" classname="com.PG.Tests.HistoryDepartment"/>
  <system-out/>
  <testcase name="HistoryWithAtleast45percentage" time="74.378" classname="com.PG.Tests.HistoryDepartment"/>
  <system-out/>
  <testcase name="HistoryWithLessThan45percentage" time="26.556" classname="com.PG.Tests.HistoryDepartment"/>
  <system-out/>
</testsuite> <!-- com.PG.Tests.HistoryDepartment -->
