<?xml version="1.0" encoding="UTF-8"?>
<!-- Generated by org.testng.reporters.JUnitReportReporter -->
<testsuite skipped="0" hostname="LAPTOP-O7SD66MO" name="com.PG.Tests.AnthropologyAndTribalStudiesArtsDepartment" tests="3" failures="0" timestamp="2020-11-11T18:26:10 IST" time="189.142" errors="0">
  <testcase name="LoggingIn" time="9.454" classname="com.PG.Tests.AnthropologyAndTribalStudiesArtsDepartment"/>
  <system-out/>
  <testcase name="AnthropologyAndTribalStudiesWithAtleast45Percentage" time="117.218" classname="com.PG.Tests.AnthropologyAndTribalStudiesArtsDepartment"/>
  <system-out/>
  <testcase name="AnthropologyAndTribalStudiesWithLessThan45Percentage" time="62.470" classname="com.PG.Tests.AnthropologyAndTribalStudiesArtsDepartment"/>
  <system-out/>
</testsuite> <!-- com.PG.Tests.AnthropologyAndTribalStudiesArtsDepartment -->
