<?xml version="1.0" encoding="UTF-8"?>
<!-- Generated by org.testng.reporters.JUnitReportReporter -->
<testsuite hostname="LAPTOP-9060GQE8" failures="0" tests="3" name="com.PG.Tests.LawDepartment" time="68.586" errors="0" timestamp="2021-07-21T11:23:40 IST" skipped="0">
  <testcase classname="com.PG.Tests.LawDepartment" name="LoggingIn" time="11.498"/>
  <system-out/>
  <testcase classname="com.PG.Tests.LawDepartment" name="LawWithAtleast50percentage" time="46.891"/>
  <system-out/>
  <testcase classname="com.PG.Tests.LawDepartment" name="LawWithLessThan50percentage" time="10.197"/>
  <system-out/>
</testsuite> <!-- com.PG.Tests.LawDepartment -->
