<?xml version="1.0" encoding="UTF-8"?>
<!-- Generated by org.testng.reporters.JUnitReportReporter -->
<testsuite hostname="LAPTOP-9060GQE8" failures="0" tests="3" name="com.PG.Tests.Education" time="69.811" errors="0" timestamp="2021-07-24T16:35:50 IST" skipped="0">
  <testcase classname="com.PG.Tests.Education" name="LoggingIn" time="10.156"/>
  <system-out/>
  <testcase classname="com.PG.Tests.Education" name="EducationWithAtleast45percentage" time="47.912"/>
  <system-out/>
  <testcase classname="com.PG.Tests.Education" name="EducationWithLessThan45percentage" time="11.743"/>
  <system-out/>
</testsuite> <!-- com.PG.Tests.Education -->
