<?xml version="1.0" encoding="UTF-8"?>
<!-- Generated by org.testng.reporters.JUnitReportReporter -->
<testsuite hostname="LAPTOP-9060GQE8" failures="0" tests="3" name="com.PG.Tests.Mathematics" time="86.303" errors="0" timestamp="2021-07-24T16:35:50 IST" skipped="0">
  <testcase classname="com.PG.Tests.Mathematics" name="LoggingIn" time="10.497"/>
  <system-out/>
  <testcase classname="com.PG.Tests.Mathematics" name="MathmaticsWithAtleast45percentage" time="56.458"/>
  <system-out/>
  <testcase classname="com.PG.Tests.Mathematics" name="MathWithLessThan45percentage" time="19.348"/>
  <system-out/>
</testsuite> <!-- com.PG.Tests.Mathematics -->
